#
# A fatal error has been detected by the Java Runtime Environment:
#
#  SIGSEGV (0xb) at pc=0x000000013905b73c, pid=78604, tid=259
#
# JRE version: Java(TM) SE Runtime Environment (19.0.1+10) (build 19.0.1+10-21)
# Java VM: Java HotSpot(TM) 64-Bit Server VM (19.0.1+10-21, mixed mode, sharing, tiered, compressed oops, compressed class ptrs, g1 gc, bsd-aarch64)
# Problematic frame:
# C  [libglass.dylib+0x373c]
#
# No core dump will be written. Core dumps have been disabled. To enable core dumping, try "ulimit -c unlimited" before starting Java again
#
# If you would like to submit a bug report, please visit:
#   https://bugreport.java.com/bugreport/crash.jsp
#

---------------  S U M M A R Y ------------

Command Line: --module-path=/Library/Java/javafx-sdk-19/lib --add-modules=javafx.controls -Djava.library.path=/Library/Java/javafx-sdk-19/lib -javaagent:/Applications/IntelliJ IDEA.app/Contents/lib/idea_rt.jar=50023:/Applications/IntelliJ IDEA.app/Contents/bin -Dfile.encoding=UTF-8 -Dsun.stdout.encoding=UTF-8 -Dsun.stderr.encoding=UTF-8 Main

Host: "MacBookAir10,1" arm64, 8 cores, 8G, Darwin 22.1.0, macOS 13.0.1 (22A400)
Time: Thu Dec 22 00:46:17 2022 +0630 elapsed time: 26.359704 seconds (0d 0h 0m 26s)

---------------  T H R E A D  ---------------

Current thread is native thread

Stack: [0x000000016d148000,0x000000016d944000],  sp=0x000000016d93fd40,  free space=8159k
Native frames: (J=compiled Java code, j=interpreted, Vv=VM code, C=native code)
C  [libglass.dylib+0x373c]
C  [CoreFoundation+0x7658c]  __CFNOTIFICATIONCENTER_IS_CALLING_OUT_TO_AN_OBSERVER__+0x94
C  [CoreFoundation+0x114074]  ___CFXRegistrationPost_block_invoke+0x58
C  [CoreFoundation+0x113fbc]  _CFXRegistrationPost+0x1b8
C  [CoreFoundation+0x47bac]  _CFXNotificationPost+0x2c4
C  [Foundation+0x972c]  -[NSNotificationCenter postNotificationName:object:userInfo:]+0x58
C  [AppKit+0x1965f8]  -[NSWindow resignKeyWindow]+0x284
C  [AppKit+0x81883c]  -[NSWindow _orderOut:calculatingKeyWithOptions:documentWindow:]+0x108
C  [AppKit+0x7c6cc]  NSPerformVisuallyAtomicChange+0x6c
C  [AppKit+0x81a158]  -[NSWindow _reallyDoOrderWindowOutRelativeTo:]+0x1e8
C  [AppKit+0x81a4a4]  -[NSWindow _reallyDoOrderWindow:]+0x50
C  [AppKit+0x81a6f4]  -[NSWindow _doOrderWindow:]+0x108
C  [AppKit+0x8163f0]  -[NSWindow _finishClosingWindow]+0xec
C  [AppKit+0x2c8034]  -[NSWindow _close]+0x114
C  [libglass.dylib+0x18c7c]  Java_com_sun_glass_ui_mac_MacPasteboard__1getAllowedOperation+0x3a0
C  [Foundation+0x79b30]  __NSThreadPerformPerform+0x108
C  [CoreFoundation+0x81a34]  __CFRUNLOOP_IS_CALLING_OUT_TO_A_SOURCE0_PERFORM_FUNCTION__+0x1c
C  [CoreFoundation+0x819c8]  __CFRunLoopDoSource0+0xb0
C  [CoreFoundation+0x81798]  __CFRunLoopDoSources0+0x154
C  [CoreFoundation+0x8033c]  __CFRunLoopRun+0x344
C  [CoreFoundation+0x7f8a4]  CFRunLoopRunSpecific+0x264
C  [libjli.dylib+0xb5c4]  CreateExecutionEnvironment+0x190
C  [libjli.dylib+0x79c0]  JLI_Launch+0x4bc
C  [java+0x3bb8]  main+0x18c
C  [dyld+0x5e50]  start+0x9f0


siginfo: si_signo: 11 (SIGSEGV), si_code: 2 (SEGV_ACCERR), si_addr: 0x0000000000000000

Registers:
 x0=0x0000000000000000  x1=0x00000001025a5000  x2=0x000000013fa39600  x3=0x0000000000000003
 x4=0x0000000000054ac8  x5=0x0000000000000010  x6=0x0000000000000600  x7=0x0000000000000000
 x8=0x0000000000000103  x9=0x0000000000000103 x10=0x0000000000bf3d01 x11=0x0000000000668800
x12=0x000000013f8081f8 x13=0x00000000ffff8003 x14=0x000000000000118a x15=0x00000000ffff7dff
x16=0x000000034b0ed948 x17=0x00000001afaa3ab8 x18=0x0000000000000000 x19=0x00006000021b4f30
x20=0x000000013f9a9000 x21=0x0000000000000000 x22=0x000000013909a4a8 x23=0x000000013f9a90c8
x24=0x0000000000000000 x25=0x0000000000041400 x26=0x0000000000000000 x27=0x0000004600000045
x28=0x000000016d940248  fp=0x000000016d940190  lr=0xb86200013905b738  sp=0x000000016d93fd40
pc=0x000000013905b73c cpsr=0x0000000060001000

Top of Stack: (sp=0x000000016d93fd40)
0x000000016d93fd40:   000000013908a68a 000000013908a605
0x000000016d93fd50:   0000000000000060 000000013905b6fc
0x000000016d93fd60:   00000001afd1258c 00000001afdb0074
0x000000016d93fd70:   00000001afdaffbc 00000001afce3bac
0x000000016d93fd80:   00000001b0bd072c 00000001b30d15f8
0x000000016d93fd90:   00000001b375383c 00000001b2fb76cc
0x000000016d93fda0:   00000001b3755158 00000001b37554a4
0x000000016d93fdb0:   00000001b37556f4 00000001b37513f0
0x000000016d93fdc0:   00000001b3203034 0000000139070c7c
0x000000016d93fdd0:   00000001b0c40b30 00000001afd1da34
0x000000016d93fde0:   00000001afd1d9c8 00000001afd1d798
0x000000016d93fdf0:   00000001afd1c33c 00000001afd1b8a4
0x000000016d93fe00:   00000001025835c4 000000010257f9c0
0x000000016d93fe10:   00000001024bfbb8 00000001af913e50
0x000000016d93fe20:   0000000000000000 0000000000000000
0x000000016d93fe30:   0000000000000000 0000000000000000
0x000000016d93fe40:   0000000000000000 0000000000000000
0x000000016d93fe50:   0000000000000000 0000000000000000
0x000000016d93fe60:   0000000000000000 0000000000000000
0x000000016d93fe70:   0000000000000000 0000000000000000
0x000000016d93fe80:   0000000000000000 0000000000000000
0x000000016d93fe90:   0000000000000000 0000000000000000
0x000000016d93fea0:   0000000000000000 0000000000000000
0x000000016d93feb0:   0000000000000000 0000000000000000
0x000000016d93fec0:   000000016d93ffc9 0000600003880858
0x000000016d93fed0:   00006000006f7b80 000000014f632768
0x000000016d93fee0:   000000016d93ff70 b81345471b560001
0x000000016d93fef0:   0000000000000000 0000000000000047
0x000000016d93ff00:   000000020c1aa560 000000000000002c
0x000000016d93ff10:   0000000000000047 00000001480fea00
0x000000016d93ff20:   00006000013709e0 0000600001d36d90
0x000000016d93ff30:   000000016d93ff60 ef350001afca5620 

Instructions: (pc=0x000000013905b73c)
0x000000013905b63c:   eb08013f 540000e1 911083ff a9437bfd
0x000000013905b64c:   a9424ff4 a94157f6 a8c45ff8 d65f03c0
0x000000013905b65c:   9400a326 a9bc5ff8 a90157f6 a9024ff4
0x000000013905b66c:   a9037bfd 9100c3fd d11083ff d503201f
0x000000013905b67c:   581a54a8 f9400108 f81c83a8 d503201f
0x000000013905b68c:   d503201f 981f1c08 f8686808 b50006a8
0x000000013905b69c:   aa0003f3 d503201f 581e7321 9400a3be
0x000000013905b6ac:   101f6ff6 d503201f f94002c0 b5000420
0x000000013905b6bc:   d503201f 581a52c8 f9400100 52800c08
0x000000013905b6cc:   f9000be8 301779a8 d503201f 50177d89
0x000000013905b6dc:   d503201f a90023e9 10177501 d503201f
0x000000013905b6ec:   9400a31d 910063e0 52801001 9400a30b
0x000000013905b6fc:   aa0003f5 910063e0 aa1503e1 9400a30a
0x000000013905b70c:   aa0003f4 710006bf 540000eb 2a1503f5
0x000000013905b71c:   aa1403f7 f84086e0 9400a3ea f10006b5
0x000000013905b72c:   54ffffa1 aa1403e0 9400a30e f94002c0
0x000000013905b73c:   f9400008 f940f508 d503201f d503201f
0x000000013905b74c:   981f1569 f8696a61 d503201f d503201f
0x000000013905b75c:   581f6e62 528043a9 f90003e9 d63f0100
0x000000013905b76c:   f85c83a8 d503201f 581a4ce9 f9400129
0x000000013905b77c:   eb08013f 540000e1 911083ff a9437bfd
0x000000013905b78c:   a9424ff4 a94157f6 a8c45ff8 d65f03c0
0x000000013905b79c:   9400a2d6 a9bc5ff8 a90157f6 a9024ff4
0x000000013905b7ac:   a9037bfd 9100c3fd aa0003f3 d503201f
0x000000013905b7bc:   d503201f 981f11f5 f8756800 d503201f
0x000000013905b7cc:   581e6a34 aa1403e1 9400a373 b4000100
0x000000013905b7dc:   f8756a60 aa1403e1 9400a36f f8756a62
0x000000013905b7ec:   d503201f 581e6941 9400a36b f8756a60
0x000000013905b7fc:   d503201f 581e6901 9400a367 aa0003f4
0x000000013905b80c:   d503201f 581e68d5 aa1503e1 9400a362
0x000000013905b81c:   b4000240 d2800016 d503201f 581e6857
0x000000013905b82c:   d503201f 581e6858 aa1403e0 aa1703e1 



---------------  P R O C E S S  ---------------

VM state: at safepoint (normal execution)

VM Mutex/Monitor currently owned by a thread:  ([mutex/lock_event])
[0x00006000006baa00] Threads_lock - owner thread: 0x000000014f706370
[0x00006000006baa80] Heap_lock - owner thread: 0x000000013f819e00

Heap address: 0x0000000780000000, size: 2048 MB, Compressed Oops mode: Zero based, Oop shift amount: 3

CDS archive(s) mapped at: [0x0000000800000000-0x0000000800c44000-0x0000000800c44000), size 12861440, SharedBaseAddress: 0x0000000800000000, ArchiveRelocationMode: 0.
Compressed class space mapped at: 0x0000000801000000-0x0000000841000000, reserved size: 1073741824
Narrow klass base: 0x0000000800000000, Narrow klass shift: 0, Narrow klass range: 0x100000000

GC Precious Log:
<Skipped>

Heap:
 garbage-first heap   total 133120K, used 27426K [0x0000000780000000, 0x0000000800000000)
  region size 1024K, 25 young (25600K), 3 survivors (3072K)
 Metaspace       used 10980K, committed 11200K, reserved 1114112K
  class space    used 1485K, committed 1600K, reserved 1048576K

Heap Regions: E=young(eden), S=young(survivor), O=old, HS=humongous(starts), HC=humongous(continues), CS=collection set, F=free, OA=open archive, CA=closed archive, TAMS=top-at-mark-start (previous, next)
|   0|0x0000000780000000, 0x0000000780100000, 0x0000000780100000|100%|HS|  |TAMS 0x0000000780000000, 0x0000000780000000| Complete 
|   1|0x0000000780100000, 0x0000000780200000, 0x0000000780200000|100%|HC|  |TAMS 0x0000000780100000, 0x0000000780100000| Complete 
|   2|0x0000000780200000, 0x0000000780200000, 0x0000000780300000|  0%| F|  |TAMS 0x0000000780200000, 0x0000000780200000| Untracked 
|   3|0x0000000780300000, 0x0000000780300000, 0x0000000780400000|  0%| F|  |TAMS 0x0000000780300000, 0x0000000780300000| Untracked 
|   4|0x0000000780400000, 0x0000000780400000, 0x0000000780500000|  0%| F|  |TAMS 0x0000000780400000, 0x0000000780400000| Untracked 
|   5|0x0000000780500000, 0x0000000780500000, 0x0000000780600000|  0%| F|  |TAMS 0x0000000780500000, 0x0000000780500000| Untracked 
|   6|0x0000000780600000, 0x0000000780600000, 0x0000000780700000|  0%| F|  |TAMS 0x0000000780600000, 0x0000000780600000| Untracked 
|   7|0x0000000780700000, 0x0000000780700000, 0x0000000780800000|  0%| F|  |TAMS 0x0000000780700000, 0x0000000780700000| Untracked 
|   8|0x0000000780800000, 0x0000000780800000, 0x0000000780900000|  0%| F|  |TAMS 0x0000000780800000, 0x0000000780800000| Untracked 
|   9|0x0000000780900000, 0x0000000780900000, 0x0000000780a00000|  0%| F|  |TAMS 0x0000000780900000, 0x0000000780900000| Untracked 
|  10|0x0000000780a00000, 0x0000000780a00000, 0x0000000780b00000|  0%| F|  |TAMS 0x0000000780a00000, 0x0000000780a00000| Untracked 
|  11|0x0000000780b00000, 0x0000000780b00000, 0x0000000780c00000|  0%| F|  |TAMS 0x0000000780b00000, 0x0000000780b00000| Untracked 
|  12|0x0000000780c00000, 0x0000000780c00000, 0x0000000780d00000|  0%| F|  |TAMS 0x0000000780c00000, 0x0000000780c00000| Untracked 
|  13|0x0000000780d00000, 0x0000000780d00000, 0x0000000780e00000|  0%| F|  |TAMS 0x0000000780d00000, 0x0000000780d00000| Untracked 
|  14|0x0000000780e00000, 0x0000000780e00000, 0x0000000780f00000|  0%| F|  |TAMS 0x0000000780e00000, 0x0000000780e00000| Untracked 
|  15|0x0000000780f00000, 0x0000000780f00000, 0x0000000781000000|  0%| F|  |TAMS 0x0000000780f00000, 0x0000000780f00000| Untracked 
|  16|0x0000000781000000, 0x0000000781000000, 0x0000000781100000|  0%| F|  |TAMS 0x0000000781000000, 0x0000000781000000| Untracked 
|  17|0x0000000781100000, 0x0000000781100000, 0x0000000781200000|  0%| F|  |TAMS 0x0000000781100000, 0x0000000781100000| Untracked 
|  18|0x0000000781200000, 0x0000000781200000, 0x0000000781300000|  0%| F|  |TAMS 0x0000000781200000, 0x0000000781200000| Untracked 
|  19|0x0000000781300000, 0x0000000781300000, 0x0000000781400000|  0%| F|  |TAMS 0x0000000781300000, 0x0000000781300000| Untracked 
|  20|0x0000000781400000, 0x0000000781400000, 0x0000000781500000|  0%| F|  |TAMS 0x0000000781400000, 0x0000000781400000| Untracked 
|  21|0x0000000781500000, 0x0000000781500000, 0x0000000781600000|  0%| F|  |TAMS 0x0000000781500000, 0x0000000781500000| Untracked 
|  22|0x0000000781600000, 0x0000000781600000, 0x0000000781700000|  0%| F|  |TAMS 0x0000000781600000, 0x0000000781600000| Untracked 
|  23|0x0000000781700000, 0x0000000781700000, 0x0000000781800000|  0%| F|  |TAMS 0x0000000781700000, 0x0000000781700000| Untracked 
|  24|0x0000000781800000, 0x0000000781800000, 0x0000000781900000|  0%| F|  |TAMS 0x0000000781800000, 0x0000000781800000| Untracked 
|  25|0x0000000781900000, 0x0000000781900000, 0x0000000781a00000|  0%| F|  |TAMS 0x0000000781900000, 0x0000000781900000| Untracked 
|  26|0x0000000781a00000, 0x0000000781a00000, 0x0000000781b00000|  0%| F|  |TAMS 0x0000000781a00000, 0x0000000781a00000| Untracked 
|  27|0x0000000781b00000, 0x0000000781b00000, 0x0000000781c00000|  0%| F|  |TAMS 0x0000000781b00000, 0x0000000781b00000| Untracked 
|  28|0x0000000781c00000, 0x0000000781c00000, 0x0000000781d00000|  0%| F|  |TAMS 0x0000000781c00000, 0x0000000781c00000| Untracked 
|  29|0x0000000781d00000, 0x0000000781d00000, 0x0000000781e00000|  0%| F|  |TAMS 0x0000000781d00000, 0x0000000781d00000| Untracked 
|  30|0x0000000781e00000, 0x0000000781e00000, 0x0000000781f00000|  0%| F|  |TAMS 0x0000000781e00000, 0x0000000781e00000| Untracked 
|  31|0x0000000781f00000, 0x0000000781f00000, 0x0000000782000000|  0%| F|  |TAMS 0x0000000781f00000, 0x0000000781f00000| Untracked 
|  32|0x0000000782000000, 0x0000000782000000, 0x0000000782100000|  0%| F|  |TAMS 0x0000000782000000, 0x0000000782000000| Untracked 
|  33|0x0000000782100000, 0x0000000782100000, 0x0000000782200000|  0%| F|  |TAMS 0x0000000782100000, 0x0000000782100000| Untracked 
|  34|0x0000000782200000, 0x0000000782200000, 0x0000000782300000|  0%| F|  |TAMS 0x0000000782200000, 0x0000000782200000| Untracked 
|  35|0x0000000782300000, 0x0000000782300000, 0x0000000782400000|  0%| F|  |TAMS 0x0000000782300000, 0x0000000782300000| Untracked 
|  36|0x0000000782400000, 0x0000000782400000, 0x0000000782500000|  0%| F|  |TAMS 0x0000000782400000, 0x0000000782400000| Untracked 
|  37|0x0000000782500000, 0x0000000782500000, 0x0000000782600000|  0%| F|  |TAMS 0x0000000782500000, 0x0000000782500000| Untracked 
|  38|0x0000000782600000, 0x0000000782600000, 0x0000000782700000|  0%| F|  |TAMS 0x0000000782600000, 0x0000000782600000| Untracked 
|  39|0x0000000782700000, 0x0000000782700000, 0x0000000782800000|  0%| F|  |TAMS 0x0000000782700000, 0x0000000782700000| Untracked 
|  40|0x0000000782800000, 0x0000000782800000, 0x0000000782900000|  0%| F|  |TAMS 0x0000000782800000, 0x0000000782800000| Untracked 
|  41|0x0000000782900000, 0x0000000782900000, 0x0000000782a00000|  0%| F|  |TAMS 0x0000000782900000, 0x0000000782900000| Untracked 
|  42|0x0000000782a00000, 0x0000000782a00000, 0x0000000782b00000|  0%| F|  |TAMS 0x0000000782a00000, 0x0000000782a00000| Untracked 
|  43|0x0000000782b00000, 0x0000000782b00000, 0x0000000782c00000|  0%| F|  |TAMS 0x0000000782b00000, 0x0000000782b00000| Untracked 
|  44|0x0000000782c00000, 0x0000000782c00000, 0x0000000782d00000|  0%| F|  |TAMS 0x0000000782c00000, 0x0000000782c00000| Untracked 
|  45|0x0000000782d00000, 0x0000000782d00000, 0x0000000782e00000|  0%| F|  |TAMS 0x0000000782d00000, 0x0000000782d00000| Untracked 
|  46|0x0000000782e00000, 0x0000000782e00000, 0x0000000782f00000|  0%| F|  |TAMS 0x0000000782e00000, 0x0000000782e00000| Untracked 
|  47|0x0000000782f00000, 0x0000000782f00000, 0x0000000783000000|  0%| F|  |TAMS 0x0000000782f00000, 0x0000000782f00000| Untracked 
|  48|0x0000000783000000, 0x0000000783000000, 0x0000000783100000|  0%| F|  |TAMS 0x0000000783000000, 0x0000000783000000| Untracked 
|  49|0x0000000783100000, 0x0000000783100000, 0x0000000783200000|  0%| F|  |TAMS 0x0000000783100000, 0x0000000783100000| Untracked 
|  50|0x0000000783200000, 0x0000000783200000, 0x0000000783300000|  0%| F|  |TAMS 0x0000000783200000, 0x0000000783200000| Untracked 
|  51|0x0000000783300000, 0x0000000783300000, 0x0000000783400000|  0%| F|  |TAMS 0x0000000783300000, 0x0000000783300000| Untracked 
|  52|0x0000000783400000, 0x0000000783400000, 0x0000000783500000|  0%| F|  |TAMS 0x0000000783400000, 0x0000000783400000| Untracked 
|  53|0x0000000783500000, 0x0000000783500000, 0x0000000783600000|  0%| F|  |TAMS 0x0000000783500000, 0x0000000783500000| Untracked 
|  54|0x0000000783600000, 0x0000000783600000, 0x0000000783700000|  0%| F|  |TAMS 0x0000000783600000, 0x0000000783600000| Untracked 
|  55|0x0000000783700000, 0x0000000783700000, 0x0000000783800000|  0%| F|  |TAMS 0x0000000783700000, 0x0000000783700000| Untracked 
|  56|0x0000000783800000, 0x0000000783800000, 0x0000000783900000|  0%| F|  |TAMS 0x0000000783800000, 0x0000000783800000| Untracked 
|  57|0x0000000783900000, 0x0000000783900000, 0x0000000783a00000|  0%| F|  |TAMS 0x0000000783900000, 0x0000000783900000| Untracked 
|  58|0x0000000783a00000, 0x0000000783a00000, 0x0000000783b00000|  0%| F|  |TAMS 0x0000000783a00000, 0x0000000783a00000| Untracked 
|  59|0x0000000783b00000, 0x0000000783b00000, 0x0000000783c00000|  0%| F|  |TAMS 0x0000000783b00000, 0x0000000783b00000| Untracked 
|  60|0x0000000783c00000, 0x0000000783c00000, 0x0000000783d00000|  0%| F|  |TAMS 0x0000000783c00000, 0x0000000783c00000| Untracked 
|  61|0x0000000783d00000, 0x0000000783d00000, 0x0000000783e00000|  0%| F|  |TAMS 0x0000000783d00000, 0x0000000783d00000| Untracked 
|  62|0x0000000783e00000, 0x0000000783e00000, 0x0000000783f00000|  0%| F|  |TAMS 0x0000000783e00000, 0x0000000783e00000| Untracked 
|  63|0x0000000783f00000, 0x0000000783f00000, 0x0000000784000000|  0%| F|  |TAMS 0x0000000783f00000, 0x0000000783f00000| Untracked 
|  64|0x0000000784000000, 0x0000000784000000, 0x0000000784100000|  0%| F|  |TAMS 0x0000000784000000, 0x0000000784000000| Untracked 
|  65|0x0000000784100000, 0x0000000784100000, 0x0000000784200000|  0%| F|  |TAMS 0x0000000784100000, 0x0000000784100000| Untracked 
|  66|0x0000000784200000, 0x0000000784200000, 0x0000000784300000|  0%| F|  |TAMS 0x0000000784200000, 0x0000000784200000| Untracked 
|  67|0x0000000784300000, 0x0000000784300000, 0x0000000784400000|  0%| F|  |TAMS 0x0000000784300000, 0x0000000784300000| Untracked 
|  68|0x0000000784400000, 0x0000000784400000, 0x0000000784500000|  0%| F|  |TAMS 0x0000000784400000, 0x0000000784400000| Untracked 
|  69|0x0000000784500000, 0x0000000784500000, 0x0000000784600000|  0%| F|  |TAMS 0x0000000784500000, 0x0000000784500000| Untracked 
|  70|0x0000000784600000, 0x0000000784600000, 0x0000000784700000|  0%| F|  |TAMS 0x0000000784600000, 0x0000000784600000| Untracked 
|  71|0x0000000784700000, 0x0000000784700000, 0x0000000784800000|  0%| F|  |TAMS 0x0000000784700000, 0x0000000784700000| Untracked 
|  72|0x0000000784800000, 0x0000000784800000, 0x0000000784900000|  0%| F|  |TAMS 0x0000000784800000, 0x0000000784800000| Untracked 
|  73|0x0000000784900000, 0x0000000784900000, 0x0000000784a00000|  0%| F|  |TAMS 0x0000000784900000, 0x0000000784900000| Untracked 
|  74|0x0000000784a00000, 0x0000000784a00000, 0x0000000784b00000|  0%| F|  |TAMS 0x0000000784a00000, 0x0000000784a00000| Untracked 
|  75|0x0000000784b00000, 0x0000000784b00000, 0x0000000784c00000|  0%| F|  |TAMS 0x0000000784b00000, 0x0000000784b00000| Untracked 
|  76|0x0000000784c00000, 0x0000000784c00000, 0x0000000784d00000|  0%| F|  |TAMS 0x0000000784c00000, 0x0000000784c00000| Untracked 
|  77|0x0000000784d00000, 0x0000000784d00000, 0x0000000784e00000|  0%| F|  |TAMS 0x0000000784d00000, 0x0000000784d00000| Untracked 
|  78|0x0000000784e00000, 0x0000000784e00000, 0x0000000784f00000|  0%| F|  |TAMS 0x0000000784e00000, 0x0000000784e00000| Untracked 
|  79|0x0000000784f00000, 0x0000000784f00000, 0x0000000785000000|  0%| F|  |TAMS 0x0000000784f00000, 0x0000000784f00000| Untracked 
|  80|0x0000000785000000, 0x0000000785000000, 0x0000000785100000|  0%| F|  |TAMS 0x0000000785000000, 0x0000000785000000| Untracked 
|  81|0x0000000785100000, 0x0000000785100000, 0x0000000785200000|  0%| F|  |TAMS 0x0000000785100000, 0x0000000785100000| Untracked 
|  82|0x0000000785200000, 0x0000000785200000, 0x0000000785300000|  0%| F|  |TAMS 0x0000000785200000, 0x0000000785200000| Untracked 
|  83|0x0000000785300000, 0x0000000785300000, 0x0000000785400000|  0%| F|  |TAMS 0x0000000785300000, 0x0000000785300000| Untracked 
|  84|0x0000000785400000, 0x0000000785400000, 0x0000000785500000|  0%| F|  |TAMS 0x0000000785400000, 0x0000000785400000| Untracked 
|  85|0x0000000785500000, 0x0000000785500000, 0x0000000785600000|  0%| F|  |TAMS 0x0000000785500000, 0x0000000785500000| Untracked 
|  86|0x0000000785600000, 0x0000000785600000, 0x0000000785700000|  0%| F|  |TAMS 0x0000000785600000, 0x0000000785600000| Untracked 
|  87|0x0000000785700000, 0x0000000785700000, 0x0000000785800000|  0%| F|  |TAMS 0x0000000785700000, 0x0000000785700000| Untracked 
|  88|0x0000000785800000, 0x0000000785800000, 0x0000000785900000|  0%| F|  |TAMS 0x0000000785800000, 0x0000000785800000| Untracked 
|  89|0x0000000785900000, 0x0000000785900000, 0x0000000785a00000|  0%| F|  |TAMS 0x0000000785900000, 0x0000000785900000| Untracked 
|  90|0x0000000785a00000, 0x0000000785a00000, 0x0000000785b00000|  0%| F|  |TAMS 0x0000000785a00000, 0x0000000785a00000| Untracked 
|  91|0x0000000785b00000, 0x0000000785b00000, 0x0000000785c00000|  0%| F|  |TAMS 0x0000000785b00000, 0x0000000785b00000| Untracked 
|  92|0x0000000785c00000, 0x0000000785c00000, 0x0000000785d00000|  0%| F|  |TAMS 0x0000000785c00000, 0x0000000785c00000| Untracked 
|  93|0x0000000785d00000, 0x0000000785d00000, 0x0000000785e00000|  0%| F|  |TAMS 0x0000000785d00000, 0x0000000785d00000| Untracked 
|  94|0x0000000785e00000, 0x0000000785e00000, 0x0000000785f00000|  0%| F|  |TAMS 0x0000000785e00000, 0x0000000785e00000| Untracked 
|  95|0x0000000785f00000, 0x0000000785f00000, 0x0000000786000000|  0%| F|  |TAMS 0x0000000785f00000, 0x0000000785f00000| Untracked 
|  96|0x0000000786000000, 0x0000000786000000, 0x0000000786100000|  0%| F|  |TAMS 0x0000000786000000, 0x0000000786000000| Untracked 
|  97|0x0000000786100000, 0x0000000786100000, 0x0000000786200000|  0%| F|  |TAMS 0x0000000786100000, 0x0000000786100000| Untracked 
|  98|0x0000000786200000, 0x0000000786200000, 0x0000000786300000|  0%| F|  |TAMS 0x0000000786200000, 0x0000000786200000| Untracked 
|  99|0x0000000786300000, 0x0000000786300000, 0x0000000786400000|  0%| F|  |TAMS 0x0000000786300000, 0x0000000786300000| Untracked 
| 100|0x0000000786400000, 0x0000000786400000, 0x0000000786500000|  0%| F|  |TAMS 0x0000000786400000, 0x0000000786400000| Untracked 
| 101|0x0000000786500000, 0x0000000786500000, 0x0000000786600000|  0%| F|  |TAMS 0x0000000786500000, 0x0000000786500000| Untracked 
| 102|0x0000000786600000, 0x00000007866d0a40, 0x0000000786700000| 81%| S|CS|TAMS 0x0000000786600000, 0x0000000786600000| Complete 
| 103|0x0000000786700000, 0x0000000786800000, 0x0000000786800000|100%| S|CS|TAMS 0x0000000786700000, 0x0000000786700000| Complete 
| 104|0x0000000786800000, 0x0000000786900000, 0x0000000786900000|100%| S|CS|TAMS 0x0000000786800000, 0x0000000786800000| Complete 
| 105|0x0000000786900000, 0x0000000786900000, 0x0000000786a00000|  0%| F|  |TAMS 0x0000000786900000, 0x0000000786900000| Untracked 
| 106|0x0000000786a00000, 0x0000000786a4d568, 0x0000000786b00000| 30%| E|  |TAMS 0x0000000786a00000, 0x0000000786a00000| Complete 
| 107|0x0000000786b00000, 0x0000000786c00000, 0x0000000786c00000|100%| E|CS|TAMS 0x0000000786b00000, 0x0000000786b00000| Complete 
| 108|0x0000000786c00000, 0x0000000786d00000, 0x0000000786d00000|100%| E|CS|TAMS 0x0000000786c00000, 0x0000000786c00000| Complete 
| 109|0x0000000786d00000, 0x0000000786e00000, 0x0000000786e00000|100%| E|CS|TAMS 0x0000000786d00000, 0x0000000786d00000| Complete 
| 110|0x0000000786e00000, 0x0000000786f00000, 0x0000000786f00000|100%| E|CS|TAMS 0x0000000786e00000, 0x0000000786e00000| Complete 
| 111|0x0000000786f00000, 0x0000000787000000, 0x0000000787000000|100%| E|CS|TAMS 0x0000000786f00000, 0x0000000786f00000| Complete 
| 112|0x0000000787000000, 0x0000000787100000, 0x0000000787100000|100%| E|CS|TAMS 0x0000000787000000, 0x0000000787000000| Complete 
| 113|0x0000000787100000, 0x0000000787200000, 0x0000000787200000|100%| E|CS|TAMS 0x0000000787100000, 0x0000000787100000| Complete 
| 114|0x0000000787200000, 0x0000000787300000, 0x0000000787300000|100%| E|CS|TAMS 0x0000000787200000, 0x0000000787200000| Complete 
| 115|0x0000000787300000, 0x0000000787400000, 0x0000000787400000|100%| E|CS|TAMS 0x0000000787300000, 0x0000000787300000| Complete 
| 116|0x0000000787400000, 0x0000000787500000, 0x0000000787500000|100%| E|CS|TAMS 0x0000000787400000, 0x0000000787400000| Complete 
| 117|0x0000000787500000, 0x0000000787600000, 0x0000000787600000|100%| E|CS|TAMS 0x0000000787500000, 0x0000000787500000| Complete 
| 118|0x0000000787600000, 0x0000000787700000, 0x0000000787700000|100%| E|CS|TAMS 0x0000000787600000, 0x0000000787600000| Complete 
| 119|0x0000000787700000, 0x0000000787800000, 0x0000000787800000|100%| E|CS|TAMS 0x0000000787700000, 0x0000000787700000| Complete 
| 120|0x0000000787800000, 0x0000000787900000, 0x0000000787900000|100%| E|CS|TAMS 0x0000000787800000, 0x0000000787800000| Complete 
| 121|0x0000000787900000, 0x0000000787a00000, 0x0000000787a00000|100%| E|CS|TAMS 0x0000000787900000, 0x0000000787900000| Complete 
| 122|0x0000000787a00000, 0x0000000787b00000, 0x0000000787b00000|100%| E|CS|TAMS 0x0000000787a00000, 0x0000000787a00000| Complete 
| 123|0x0000000787b00000, 0x0000000787c00000, 0x0000000787c00000|100%| E|CS|TAMS 0x0000000787b00000, 0x0000000787b00000| Complete 
| 124|0x0000000787c00000, 0x0000000787d00000, 0x0000000787d00000|100%| E|CS|TAMS 0x0000000787c00000, 0x0000000787c00000| Complete 
| 125|0x0000000787d00000, 0x0000000787e00000, 0x0000000787e00000|100%| E|CS|TAMS 0x0000000787d00000, 0x0000000787d00000| Complete 
| 126|0x0000000787e00000, 0x0000000787f00000, 0x0000000787f00000|100%| E|CS|TAMS 0x0000000787e00000, 0x0000000787e00000| Complete 
| 127|0x0000000787f00000, 0x0000000788000000, 0x0000000788000000|100%| E|CS|TAMS 0x0000000787f00000, 0x0000000787f00000| Complete 
|2046|0x00000007ffe00000, 0x00000007ffe78000, 0x00000007fff00000| 46%|OA|  |TAMS 0x00000007ffe00000, 0x00000007ffe00000| Untracked 
|2047|0x00000007fff00000, 0x00000007fff80000, 0x0000000800000000| 50%|CA|  |TAMS 0x00000007fff00000, 0x00000007fff00000| Untracked 

Card table byte_map: [0x0000000102c74000,0x0000000103074000] _byte_map_base: 0x00000000ff074000

Marking Bits (Prev, Next): (CMBitMap*) 0x000000013f83c010, (CMBitMap*) 0x000000013f83c050
 Prev Bits: [0x000000011b4d8000, 0x000000011d4d8000)
 Next Bits: [0x000000011d4d8000, 0x000000011f4d8000)

Polling page: 0x0000000102514000

Metaspace:

Usage:
  Non-class:      9.27 MB used.
      Class:      1.45 MB used.
       Both:     10.72 MB used.

Virtual space:
  Non-class space:       64.00 MB reserved,       9.38 MB ( 15%) committed,  1 nodes.
      Class space:        1.00 GB reserved,       1.56 MB ( <1%) committed,  1 nodes.
             Both:        1.06 GB reserved,      10.94 MB (  1%) committed. 

Chunk freelists:
   Non-Class:  1.01 MB
       Class:  2.44 MB
        Both:  3.45 MB

MaxMetaspaceSize: unlimited
CompressedClassSpaceSize: 1.00 GB
Initial GC threshold: 21.00 MB
Current GC threshold: 21.00 MB
CDS: on
MetaspaceReclaimPolicy: balanced
 - commit_granule_bytes: 65536.
 - commit_granule_words: 8192.
 - virtual_space_node_default_size: 8388608.
 - enlarge_chunks_in_place: 1.
 - new_chunks_are_fully_committed: 0.
 - uncommit_free_chunks: 1.
 - use_allocation_guard: 0.


Internal statistics:

num_allocs_failed_limit: 0.
num_arena_births: 216.
num_arena_deaths: 0.
num_vsnodes_births: 2.
num_vsnodes_deaths: 0.
num_space_committed: 175.
num_space_uncommitted: 0.
num_chunks_returned_to_freelist: 0.
num_chunks_taken_from_freelist: 578.
num_chunk_merges: 0.
num_chunk_splits: 402.
num_chunks_enlarged: 324.
num_inconsistent_stats: 0.

CodeHeap 'non-profiled nmethods': size=120032Kb used=498Kb max_used=498Kb free=119533Kb
 bounds [0x0000000113fa0000, 0x0000000114210000, 0x000000011b4d8000]
CodeHeap 'profiled nmethods': size=120016Kb used=2881Kb max_used=2881Kb free=117134Kb
 bounds [0x000000010c4d8000, 0x000000010c7b8000, 0x0000000113a0c000]
CodeHeap 'non-nmethods': size=5712Kb used=1410Kb max_used=1442Kb free=4301Kb
 bounds [0x0000000113a0c000, 0x0000000113c7c000, 0x0000000113fa0000]
 total_blobs=2373 nmethods=1628 adapters=660
 compilation: enabled
              stopped_count=0, restarted_count=0
 full_count=0

Compilation events (20 events):
Event: 25.705 Thread 0x000000013f8b2a00 1652       3       java.lang.invoke.Invokers$Holder::invokeExact_MT (32 bytes)
Event: 25.705 Thread 0x000000013f8b2a00 nmethod 1652 0x000000010c79e690 code [0x000000010c79e900, 0x000000010c79f270]
Event: 25.705 Thread 0x000000013f8b2a00 1670       1       com.sun.javafx.geom.transform.AffineBase::getMyy (5 bytes)
Event: 25.705 Thread 0x000000013f8b2a00 nmethod 1670 0x000000011401a790 code [0x000000011401a940, 0x000000011401a9d8]
Event: 25.705 Thread 0x000000013f8b2a00 1671       1       com.sun.prism.impl.BaseContext::getVertexBuffer (5 bytes)
Event: 25.705 Thread 0x000000013f8b2a00 nmethod 1671 0x000000011401aa90 code [0x000000011401ac40, 0x000000011401acd8]
Event: 25.766 Thread 0x000000013f8b2a00 1672       3       java.util.WeakHashMap::size (18 bytes)
Event: 25.766 Thread 0x000000013f8b2a00 nmethod 1672 0x000000010c79f510 code [0x000000010c79f6c0, 0x000000010c79f888]
Event: 25.789 Thread 0x000000015001fa00 1673       4       jdk.internal.org.objectweb.asm.SymbolTable::addConstantUtf8 (98 bytes)
Event: 25.794 Thread 0x000000013f8b2a00 1675       3       javafx.beans.property.BooleanPropertyBase::get (29 bytes)
Event: 25.794 Thread 0x000000013f8b2a00 nmethod 1675 0x000000010c79f990 code [0x000000010c79fb40, 0x000000010c79fd88]
Event: 25.802 Thread 0x000000015001fa00 nmethod 1673 0x000000011401b110 code [0x000000011401b3c0, 0x000000011401c080]
Event: 25.812 Thread 0x000000013f8b2a00 1676       3       jdk.internal.org.objectweb.asm.ClassWriter::toByteArray (1517 bytes)
Event: 25.815 Thread 0x000000013f8b2a00 nmethod 1676 0x000000010c79fe90 code [0x000000010c7a0c00, 0x000000010c7a52f8]
Event: 25.815 Thread 0x000000013f8b2a00 1677       3       jdk.internal.org.objectweb.asm.ClassWriter::visitField (53 bytes)
Event: 25.815 Thread 0x000000013f8b2a00 nmethod 1677 0x000000010c7a7610 code [0x000000010c7a77c0, 0x000000010c7a7b08]
Event: 25.815 Thread 0x000000013f8b2a00 1678       3       jdk.internal.org.objectweb.asm.FieldWriter::<init> (69 bytes)
Event: 25.815 Thread 0x000000013f8b2a00 nmethod 1678 0x000000010c7a7c90 code [0x000000010c7a7ec0, 0x000000010c7a8308]
Event: 26.353 Thread 0x000000015001fa00 1679       4       java.lang.Class::getClassLoader (28 bytes)
Event: 26.353 Thread 0x000000015001fa00 nmethod 1679 0x000000011401c810 code [0x000000011401c980, 0x000000011401ca10]

GC Heap History (2 events):
Event: 0.426 GC heap before
{Heap before GC invocations=0 (full 0):
 garbage-first heap   total 133120K, used 23520K [0x0000000780000000, 0x0000000800000000)
  region size 1024K, 23 young (23552K), 0 survivors (0K)
 Metaspace       used 5644K, committed 5824K, reserved 1114112K
  class space    used 707K, committed 768K, reserved 1048576K
}
Event: 0.428 GC heap after
{Heap after GC invocations=1 (full 0):
 garbage-first heap   total 133120K, used 3874K [0x0000000780000000, 0x0000000800000000)
  region size 1024K, 3 young (3072K), 3 survivors (3072K)
 Metaspace       used 5644K, committed 5824K, reserved 1114112K
  class space    used 707K, committed 768K, reserved 1048576K
}

Dll operation events (11 events):
Event: 0.007 Loaded shared library /Library/Java/JavaVirtualMachines/jdk-19.jdk/Contents/Home/lib/libjava.dylib
Event: 0.028 Loaded shared library /Library/Java/JavaVirtualMachines/jdk-19.jdk/Contents/Home/lib/libnio.dylib
Event: 0.043 Loaded shared library /Library/Java/JavaVirtualMachines/jdk-19.jdk/Contents/Home/lib/libzip.dylib
Event: 0.082 Loaded shared library /Library/Java/JavaVirtualMachines/jdk-19.jdk/Contents/Home/lib/libzip.dylib
Event: 0.083 Loaded shared library /Library/Java/JavaVirtualMachines/jdk-19.jdk/Contents/Home/lib/libinstrument.dylib
Event: 0.090 Loaded shared library /Library/Java/JavaVirtualMachines/jdk-19.jdk/Contents/Home/lib/libnet.dylib
Event: 0.094 Loaded shared library /Library/Java/JavaVirtualMachines/jdk-19.jdk/Contents/Home/lib/libextnet.dylib
Event: 0.140 Loaded shared library /Library/Java/javafx-sdk-19/lib/libprism_es2.dylib
Event: 0.221 Loaded shared library /Library/Java/javafx-sdk-19/lib/libglass.dylib
Event: 0.423 Loaded shared library /Library/Java/javafx-sdk-19/lib/libjavafx_font.dylib
Event: 0.469 Loaded shared library /Library/Java/JavaVirtualMachines/jdk-19.jdk/Contents/Home/lib/libjimage.dylib

Deoptimization events (20 events):
Event: 0.718 Thread 0x000000014f81b400 Uncommon trap: trap_request=0xffffffde fr.pc=0x0000000114001720 relative=0x00000000000000e0
Event: 0.718 Thread 0x000000014f81b400 Uncommon trap: reason=class_check action=maybe_recompile pc=0x0000000114001720 method=jdk.internal.misc.Unsafe.allocateUninitializedArray(Ljava/lang/Class;I)Ljava/lang/Object; @ 51 c2
Event: 0.718 Thread 0x000000014f81b400 DEOPT PACKING pc=0x0000000114001720 sp=0x00000001703cc840
Event: 0.718 Thread 0x000000014f81b400 DEOPT UNPACKING pc=0x0000000113a5b21c sp=0x00000001703cc7d0 mode 2
Event: 0.718 Thread 0x000000014f81b400 Uncommon trap: trap_request=0xffffffde fr.pc=0x0000000114001720 relative=0x00000000000000e0
Event: 0.718 Thread 0x000000014f81b400 Uncommon trap: reason=class_check action=maybe_recompile pc=0x0000000114001720 method=jdk.internal.misc.Unsafe.allocateUninitializedArray(Ljava/lang/Class;I)Ljava/lang/Object; @ 51 c2
Event: 0.718 Thread 0x000000014f81b400 DEOPT PACKING pc=0x0000000114001720 sp=0x00000001703cc640
Event: 0.718 Thread 0x000000014f81b400 DEOPT UNPACKING pc=0x0000000113a5b21c sp=0x00000001703cc5d0 mode 2
Event: 0.719 Thread 0x000000014f81b400 Uncommon trap: trap_request=0xffffffde fr.pc=0x0000000114001720 relative=0x00000000000000e0
Event: 0.719 Thread 0x000000014f81b400 Uncommon trap: reason=class_check action=maybe_recompile pc=0x0000000114001720 method=jdk.internal.misc.Unsafe.allocateUninitializedArray(Ljava/lang/Class;I)Ljava/lang/Object; @ 51 c2
Event: 0.719 Thread 0x000000014f81b400 DEOPT PACKING pc=0x0000000114001720 sp=0x00000001703cd350
Event: 0.719 Thread 0x000000014f81b400 DEOPT UNPACKING pc=0x0000000113a5b21c sp=0x00000001703cd2e0 mode 2
Event: 0.734 Thread 0x000000014f81b400 Uncommon trap: trap_request=0xffffffc6 fr.pc=0x0000000113fed640 relative=0x0000000000000280
Event: 0.734 Thread 0x000000014f81b400 Uncommon trap: reason=bimorphic_or_optimized_type_check action=maybe_recompile pc=0x0000000113fed640 method=java.util.concurrent.ConcurrentHashMap.get(Ljava/lang/Object;)Ljava/lang/Object; @ 149 c2
Event: 0.734 Thread 0x000000014f81b400 DEOPT PACKING pc=0x0000000113fed640 sp=0x00000001703cd6b0
Event: 0.734 Thread 0x000000014f81b400 DEOPT UNPACKING pc=0x0000000113a5b21c sp=0x00000001703cd620 mode 2
Event: 25.676 Thread 0x000000014f8fa200 DEOPT PACKING pc=0x000000010c77c8f4 sp=0x000000016d93fcc0
Event: 25.676 Thread 0x000000014f8fa200 DEOPT UNPACKING pc=0x0000000113a5b07c sp=0x000000016d93f9a0 mode 3
Event: 25.676 Thread 0x000000014f8fa200 DEOPT PACKING pc=0x000000010c7749f8 sp=0x000000016d93f3d0
Event: 25.676 Thread 0x000000014f8fa200 DEOPT UNPACKING pc=0x0000000113a5b07c sp=0x000000016d93f130 mode 3

Classes loaded (20 events):
Event: 0.724 Loading class java/nio/FloatBuffer
Event: 0.724 Loading class java/nio/FloatBuffer done
Event: 0.724 Loading class java/nio/DoubleBuffer
Event: 0.724 Loading class java/nio/DoubleBuffer done
Event: 0.725 Loading class java/nio/DirectFloatBufferU
Event: 0.725 Loading class java/nio/DirectFloatBufferU done
Event: 0.730 Loading class jdk/internal/foreign/MemorySessionImpl
Event: 0.730 Loading class java/lang/foreign/MemorySession
Event: 0.730 Loading class java/lang/foreign/SegmentAllocator
Event: 0.730 Loading class java/lang/foreign/SegmentAllocator done
Event: 0.730 Loading class java/lang/foreign/MemorySession done
Event: 0.730 Loading class jdk/internal/foreign/MemorySessionImpl done
Event: 21.789 Loading class java/util/EnumMap$Values
Event: 21.789 Loading class java/util/EnumMap$Values done
Event: 21.789 Loading class java/util/EnumMap$ValueIterator
Event: 21.789 Loading class java/util/EnumMap$EnumMapIterator
Event: 21.789 Loading class java/util/EnumMap$EnumMapIterator done
Event: 21.789 Loading class java/util/EnumMap$ValueIterator done
Event: 23.540 Loading class java/util/LinkedList$ListItr
Event: 23.540 Loading class java/util/LinkedList$ListItr done

Classes unloaded (0 events):
No events

Classes redefined (0 events):
No events

Internal exceptions (20 events):
Event: 0.380 Thread 0x000000013f819e00 Exception <a 'java/lang/NoSuchMethodError'{0x0000000786fb2438}: 'java.lang.Object java.lang.invoke.DirectMethodHandle$Holder.newInvokeSpecial(java.lang.Object, java.lang.Object, java.lang.Object, java.lang.Object, java.lang.Object)'> (0x0000000786fb2438) 
thrown [open/src/hotspot/share/interpreter/linkResolver.cpp, line 774]
Event: 0.406 Thread 0x000000014f8fa200 Exception <a 'java/lang/NoSuchMethodError'{0x0000000786bf6498}: 'java.lang.Object java.lang.invoke.DirectMethodHandle$Holder.invokeStaticInit(java.lang.Object, java.lang.Object, java.lang.Object, java.lang.Object)'> (0x0000000786bf6498) 
thrown [open/src/hotspot/share/interpreter/linkResolver.cpp, line 774]
Event: 0.406 Thread 0x000000014f8fa200 Exception <a 'java/lang/NullPointerException'{0x0000000786a02918}> (0x0000000786a02918) 
thrown [open/src/hotspot/share/interpreter/linkResolver.cpp, line 1374]
Event: 0.455 Thread 0x000000014f8fa200 Exception <a 'java/lang/NoSuchMethodError'{0x0000000787b532c0}: 'void java.lang.invoke.DirectMethodHandle$Holder.invokeStaticInit(java.lang.Object, java.lang.Object)'> (0x0000000787b532c0) 
thrown [open/src/hotspot/share/interpreter/linkResolver.cpp, line 774]
Event: 0.477 Thread 0x000000014f8fa200 Implicit null exception at 0x0000000113fe81ec to 0x0000000113fe8e8c
Event: 0.535 Thread 0x000000014f8fa200 Implicit null exception at 0x0000000113fe2400 to 0x0000000113fe2770
Event: 0.540 Thread 0x000000014f8fa200 Implicit null exception at 0x0000000113fe7704 to 0x0000000113fe794c
Event: 0.540 Thread 0x000000014f8fa200 Implicit null exception at 0x0000000113fe6284 to 0x0000000113fe64bc
Event: 0.590 Thread 0x000000014f8fa200 Exception <a 'java/lang/NoSuchMethodError'{0x0000000787382ce8}: 'java.lang.Object java.lang.invoke.DirectMethodHandle$Holder.invokeInterface(java.lang.Object, java.lang.Object, java.lang.Object)'> (0x0000000787382ce8) 
thrown [open/src/hotspot/share/interpreter/linkResolver.cpp, line 774]
Event: 0.590 Thread 0x000000014f8fa200 Exception <a 'java/lang/IncompatibleClassChangeError'{0x0000000787386678}: Found class java.lang.Object, but interface was expected> (0x0000000787386678) 
thrown [open/src/hotspot/share/interpreter/linkResolver.cpp, line 841]
Event: 0.602 Thread 0x000000014f8fa200 Exception <a 'java/lang/NoSuchMethodError'{0x0000000787284710}: 'int java.lang.invoke.DirectMethodHandle$Holder.invokeSpecial(java.lang.Object, java.lang.Object, int)'> (0x0000000787284710) 
thrown [open/src/hotspot/share/interpreter/linkResolver.cpp, line 774]
Event: 0.603 Thread 0x000000014f8fa200 Exception <a 'java/lang/NoSuchMethodError'{0x000000078728c7a8}: 'int java.lang.invoke.DirectMethodHandle$Holder.invokeSpecial(java.lang.Object, java.lang.Object, java.lang.Object, int)'> (0x000000078728c7a8) 
thrown [open/src/hotspot/share/interpreter/linkResolver.cpp, line 774]
Event: 0.603 Thread 0x000000014f8fa200 Exception <a 'java/lang/NoSuchMethodError'{0x000000078729ee28}: 'java.lang.Object java.lang.invoke.DirectMethodHandle$Holder.invokeStatic(java.lang.Object, java.lang.Object, java.lang.Object, java.lang.Object, int)'> (0x000000078729ee28) 
thrown [open/src/hotspot/share/interpreter/linkResolver.cpp, line 774]
Event: 0.604 Thread 0x000000014f8fa200 Exception <a 'java/lang/NoSuchMethodError'{0x00000007872a7828}: 'int java.lang.invoke.DirectMethodHandle$Holder.invokeSpecial(java.lang.Object, java.lang.Object, java.lang.Object)'> (0x00000007872a7828) 
thrown [open/src/hotspot/share/interpreter/linkResolver.cpp, line 774]
Event: 0.630 Thread 0x000000014f8fa200 Exception <a 'java/lang/NoSuchMethodError'{0x000000078712ba30}: 'java.lang.Object java.lang.invoke.DirectMethodHandle$Holder.newInvokeSpecial(java.lang.Object, java.lang.Object, int)'> (0x000000078712ba30) 
thrown [open/src/hotspot/share/interpreter/linkResolver.cpp, line 774]
Event: 0.673 Thread 0x000000014f81b400 Exception <a 'java/lang/NoSuchMethodError'{0x00000007870590f0}: 'int java.lang.invoke.DirectMethodHandle$Holder.invokeStaticInit(java.lang.Object, java.lang.Object)'> (0x00000007870590f0) 
thrown [open/src/hotspot/share/interpreter/linkResolver.cpp, line 774]
Event: 25.700 Thread 0x000000014f8fa200 Exception <a 'java/lang/NoSuchMethodError'{0x0000000786b8d2a8}: 'long java.lang.invoke.DirectMethodHandle$Holder.invokeStatic(java.lang.Object, java.lang.Object, java.lang.Object)'> (0x0000000786b8d2a8) 
thrown [open/src/hotspot/share/interpreter/linkResolver.cpp, line 774]
Event: 25.700 Thread 0x000000014f8fa200 Exception <a 'java/lang/NoSuchMethodError'{0x0000000786b90920}: 'long java.lang.invoke.DirectMethodHandle$Holder.invokeStaticInit(java.lang.Object, java.lang.Object, java.lang.Object)'> (0x0000000786b90920) 
thrown [open/src/hotspot/share/interpreter/linkResolver.cpp, line 774]
Event: 25.701 Thread 0x000000014f8fa200 Exception <a 'java/lang/NoSuchMethodError'{0x0000000786ba8dc0}: 'java.lang.Object java.lang.invoke.DirectMethodHandle$Holder.newInvokeSpecial(java.lang.Object, java.lang.Object, long)'> (0x0000000786ba8dc0) 
thrown [open/src/hotspot/share/interpreter/linkResolver.cpp, line 774]
Event: 25.701 Thread 0x000000014f8fa200 Exception <a 'java/lang/NoSuchMethodError'{0x0000000786bac698}: 'java.lang.Object java.lang.invoke.Invokers$Holder.linkToTargetMethod(java.lang.Object, long, java.lang.Object)'> (0x0000000786bac698) 
thrown [open/src/hotspot/share/interpreter/linkResolver.cpp, line 774]

VM Operations (20 events):
Event: 0.426 Executing VM operation: G1CollectForAllocation
Event: 0.428 Executing VM operation: G1CollectForAllocation done
Event: 0.429 Executing VM operation: HandshakeAllThreads
Event: 0.429 Executing VM operation: HandshakeAllThreads done
Event: 0.453 Executing VM operation: ICBufferFull
Event: 0.453 Executing VM operation: ICBufferFull done
Event: 0.583 Executing VM operation: HandshakeAllThreads
Event: 0.583 Executing VM operation: HandshakeAllThreads done
Event: 0.678 Executing VM operation: HandshakeAllThreads
Event: 0.678 Executing VM operation: HandshakeAllThreads done
Event: 1.681 Executing VM operation: Cleanup
Event: 1.681 Executing VM operation: Cleanup done
Event: 22.763 Executing VM operation: Cleanup
Event: 22.764 Executing VM operation: Cleanup done
Event: 23.764 Executing VM operation: Cleanup
Event: 23.764 Executing VM operation: Cleanup done
Event: 24.769 Executing VM operation: Cleanup
Event: 24.770 Executing VM operation: Cleanup done
Event: 25.771 Executing VM operation: Cleanup
Event: 25.771 Executing VM operation: Cleanup done

Events (20 events):
Event: 23.298 Protecting memory [0x000000016e8b0000,0x000000016e8bc000] with protection modes 3
Event: 23.298 Thread 0x000000015012e800 Thread exited: 0x000000015012e800
Event: 25.432 Protecting memory [0x000000016e8b0000,0x000000016e8bc000] with protection modes 0
Event: 25.432 Thread 0x0000000138809800 Thread added: 0x0000000138809800
Event: 26.353 Protecting memory [0x0000000170908000,0x0000000170914000] with protection modes 3
Event: 26.353 Thread 0x0000000138811200 Thread exited: 0x0000000138811200
Event: 26.353 Protecting memory [0x000000016d9d0000,0x000000016d9dc000] with protection modes 3
Event: 26.353 Thread 0x000000013f819e00 Thread exited: 0x000000013f819e00
Event: 26.353 Protecting memory [0x000000016d9d0000,0x000000016d9dc000] with protection modes 0
Event: 26.353 Thread 0x000000013f819e00 Thread added: 0x000000013f819e00
Event: 26.353 Protecting memory [0x00000001701cc000,0x00000001701d8000] with protection modes 3
Event: 26.353 Thread 0x000000014f81b400 Thread exited: 0x000000014f81b400
Event: 26.353 Protecting memory [0x000000016d148000,0x000000016d154000] with protection modes 3
Event: 26.353 Thread 0x000000014f8fa200 Thread exited: 0x000000014f8fa200
Event: 26.353 Thread 0x000000013fa39600 Thread added: 0x000000013fa39600
Event: 26.353 Protecting memory [0x00000001701cc000,0x00000001701d8000] with protection modes 0
Event: 26.353 Protecting memory [0x00000001701cc000,0x00000001701d8000] with protection modes 3
Event: 26.353 Thread 0x000000013fa39600 Thread exited: 0x000000013fa39600
Event: 26.354 Protecting memory [0x000000016d9d0000,0x000000016d9dc000] with protection modes 3
Event: 26.354 Thread 0x000000013f819e00 Thread exited: 0x000000013f819e00


Dynamic libraries:
0x0000000102578000 	/Library/Java/JavaVirtualMachines/jdk-19.jdk/Contents/Home/lib/libjli.dylib
0x00000001c7020000 	/System/Library/Frameworks/Cocoa.framework/Versions/A/Cocoa
0x00000001b2f3b000 	/System/Library/Frameworks/AppKit.framework/Versions/C/AppKit
0x00000001b58d5000 	/System/Library/Frameworks/CoreData.framework/Versions/A/CoreData
0x00000001b0bc7000 	/System/Library/Frameworks/Foundation.framework/Versions/C/Foundation
0x00000001bb259000 	/usr/lib/libSystem.B.dylib
0x00000001b3e43000 	/System/Library/PrivateFrameworks/UIFoundation.framework/Versions/A/UIFoundation
0x000000021a8e3000 	/System/Library/PrivateFrameworks/CollectionViewCore.framework/Versions/A/CollectionViewCore
0x00000001c14e1000 	/System/Library/PrivateFrameworks/RemoteViewServices.framework/Versions/A/RemoteViewServices
0x00000001b96a9000 	/System/Library/PrivateFrameworks/XCTTargetBootstrap.framework/Versions/A/XCTTargetBootstrap
0x00000001bcfeb000 	/System/Library/PrivateFrameworks/InternationalSupport.framework/Versions/A/InternationalSupport
0x00000001bd072000 	/System/Library/PrivateFrameworks/UserActivity.framework/Versions/A/UserActivity
0x00000002314ac000 	/System/Library/PrivateFrameworks/WindowManagement.framework/Versions/A/WindowManagement
0x00000001b0891000 	/System/Library/Frameworks/SystemConfiguration.framework/Versions/A/SystemConfiguration
0x00000001bc4f0000 	/usr/lib/libspindump.dylib
0x00000001b3fe8000 	/System/Library/Frameworks/UniformTypeIdentifiers.framework/Versions/A/UniformTypeIdentifiers
0x00000001b79d4000 	/usr/lib/libapp_launch_measurement.dylib
0x00000001b6e86000 	/System/Library/PrivateFrameworks/CoreAnalytics.framework/Versions/A/CoreAnalytics
0x00000001b79db000 	/System/Library/PrivateFrameworks/CoreAutoLayout.framework/Versions/A/CoreAutoLayout
0x00000001b8ecb000 	/System/Library/Frameworks/Metal.framework/Versions/A/Metal
0x00000001b9e00000 	/usr/lib/liblangid.dylib
0x00000001b96af000 	/System/Library/PrivateFrameworks/CoreSVG.framework/Versions/A/CoreSVG
0x00000001b4909000 	/System/Library/PrivateFrameworks/SkyLight.framework/Versions/A/SkyLight
0x00000001b4d20000 	/System/Library/Frameworks/CoreGraphics.framework/Versions/A/CoreGraphics
0x00000001c1bb0000 	/System/Library/Frameworks/Accelerate.framework/Versions/A/Accelerate
0x00000001bbf5e000 	/System/Library/PrivateFrameworks/IconServices.framework/Versions/A/IconServices
0x00000001b8eab000 	/System/Library/Frameworks/IOSurface.framework/Versions/A/IOSurface
0x00000001b6eb3000 	/usr/lib/libDiagnosticMessagesClient.dylib
0x00000001bb19f000 	/usr/lib/libz.1.dylib
0x00000001c4e0c000 	/System/Library/Frameworks/ApplicationServices.framework/Versions/A/ApplicationServices
0x00000001b9691000 	/System/Library/PrivateFrameworks/DFRFoundation.framework/Versions/A/DFRFoundation
0x00000001b27b9000 	/usr/lib/libicucore.A.dylib
0x00000001bdf7a000 	/System/Library/Frameworks/AudioToolbox.framework/Versions/A/AudioToolbox
0x00000001bcff6000 	/System/Library/PrivateFrameworks/DataDetectorsCore.framework/Versions/A/DataDetectorsCore
0x00000001d4002000 	/System/Library/PrivateFrameworks/TextInput.framework/Versions/A/TextInput
0x00000001b486e000 	/usr/lib/libMobileGestalt.dylib
0x00000001b935d000 	/System/Library/Frameworks/Carbon.framework/Versions/A/Frameworks/HIToolbox.framework/Versions/A/HIToolbox
0x00000001b735e000 	/System/Library/Frameworks/QuartzCore.framework/Versions/A/QuartzCore
0x00000001b2416000 	/System/Library/Frameworks/Security.framework/Versions/A/Security
0x00000001c1521000 	/System/Library/Frameworks/Carbon.framework/Versions/A/Frameworks/SpeechRecognition.framework/Versions/A/SpeechRecognition
0x00000001b7713000 	/System/Library/PrivateFrameworks/CoreUI.framework/Versions/A/CoreUI
0x00000001b1d36000 	/System/Library/Frameworks/CoreAudio.framework/Versions/A/CoreAudio
0x00000001b6f8f000 	/System/Library/Frameworks/DiskArbitration.framework/Versions/A/DiskArbitration
0x00000001bc923000 	/System/Library/PrivateFrameworks/MultitouchSupport.framework/Versions/A/MultitouchSupport
0x00000001b486c000 	/usr/lib/libenergytrace.dylib
0x00000001b2dfe000 	/System/Library/Frameworks/IOKit.framework/Versions/A/IOKit
0x00000001c1904000 	/System/Library/Frameworks/CoreServices.framework/Versions/A/CoreServices
0x00000001b7961000 	/System/Library/PrivateFrameworks/PerformanceAnalysis.framework/Versions/A/PerformanceAnalysis
0x00000001fdf85000 	/System/Library/Frameworks/OpenGL.framework/Versions/A/OpenGL
0x00000001b7a25000 	/usr/lib/libxml2.2.dylib
0x00000001ba7cd000 	/System/Library/PrivateFrameworks/MobileKeyBag.framework/Versions/A/MobileKeyBag
0x00000001af8c8000 	/usr/lib/libobjc.A.dylib
0x00000001afb7f000 	/usr/lib/libc++.1.dylib
0x00000001b536a000 	/System/Library/Frameworks/ColorSync.framework/Versions/A/ColorSync
0x00000001afc9c000 	/System/Library/Frameworks/CoreFoundation.framework/Versions/A/CoreFoundation
0x00000001b9a27000 	/System/Library/Frameworks/CoreImage.framework/Versions/A/CoreImage
0x00000001b1b57000 	/System/Library/Frameworks/CoreText.framework/Versions/A/CoreText
0x00000001b96e8000 	/System/Library/Frameworks/ImageIO.framework/Versions/A/ImageIO
0x00000001bb25f000 	/System/Library/PrivateFrameworks/SoftLinking.framework/Versions/A/SoftLinking
0x00000001bb4f2000 	/usr/lib/libcompression.dylib
0x00000001bcf47000 	/System/Library/PrivateFrameworks/TextureIO.framework/Versions/A/TextureIO
0x00000001bbc30000 	/usr/lib/libate.dylib
0x00000001bb253000 	/usr/lib/system/libcache.dylib
0x00000001bb20c000 	/usr/lib/system/libcommonCrypto.dylib
0x00000001bb23a000 	/usr/lib/system/libcompiler_rt.dylib
0x00000001bb230000 	/usr/lib/system/libcopyfile.dylib
0x00000001af9fb000 	/usr/lib/system/libcorecrypto.dylib
0x00000001afab3000 	/usr/lib/system/libdispatch.dylib
0x00000001afc44000 	/usr/lib/system/libdyld.dylib
0x00000001bb249000 	/usr/lib/system/libkeymgr.dylib
0x00000001bb1ea000 	/usr/lib/system/libmacho.dylib
0x00000001ba8c6000 	/usr/lib/system/libquarantine.dylib
0x00000001bb246000 	/usr/lib/system/libremovefile.dylib
0x00000001b48d3000 	/usr/lib/system/libsystem_asl.dylib
0x00000001af999000 	/usr/lib/system/libsystem_blocks.dylib
0x00000001afafe000 	/usr/lib/system/libsystem_c.dylib
0x00000001bb23e000 	/usr/lib/system/libsystem_collections.dylib
0x00000001b9def000 	/usr/lib/system/libsystem_configuration.dylib
0x00000001b8e79000 	/usr/lib/system/libsystem_containermanager.dylib
0x00000001baefb000 	/usr/lib/system/libsystem_coreservices.dylib
0x00000001b2a70000 	/usr/lib/system/libsystem_darwin.dylib
0x00000001bb24a000 	/usr/lib/system/libsystem_dnssd.dylib
0x00000001afafb000 	/usr/lib/system/libsystem_featureflags.dylib
0x00000001afc70000 	/usr/lib/system/libsystem_info.dylib
0x00000001bb1b1000 	/usr/lib/system/libsystem_m.dylib
0x00000001afa87000 	/usr/lib/system/libsystem_malloc.dylib
0x00000001b4853000 	/usr/lib/system/libsystem_networkextension.dylib
0x00000001b2eda000 	/usr/lib/system/libsystem_notify.dylib
0x00000001b9df4000 	/usr/lib/system/libsystem_sandbox.dylib
0x00000001bb243000 	/usr/lib/system/libsystem_secinit.dylib
0x00000001afbfe000 	/usr/lib/system/libsystem_kernel.dylib
0x00000001afc68000 	/usr/lib/system/libsystem_platform.dylib
0x00000001afc37000 	/usr/lib/system/libsystem_pthread.dylib
0x00000001b60a2000 	/usr/lib/system/libsystem_symptoms.dylib
0x00000001af9e1000 	/usr/lib/system/libsystem_trace.dylib
0x00000001bb21d000 	/usr/lib/system/libunwind.dylib
0x00000001af99e000 	/usr/lib/system/libxpc.dylib
0x00000001afbe6000 	/usr/lib/libc++abi.dylib
0x00000001bb228000 	/usr/lib/liboah.dylib
0x00000001bbaef000 	/usr/lib/liblzma.5.dylib
0x00000001bb25b000 	/usr/lib/libfakelink.dylib
0x00000001b4493000 	/System/Library/Frameworks/CFNetwork.framework/Versions/A/CFNetwork
0x00000001bb39a000 	/usr/lib/libarchive.2.dylib
0x00000001bf86e000 	/System/Library/Frameworks/Combine.framework/Versions/A/Combine
0x00000001bd944000 	/usr/lib/swift/libswiftCore.dylib
0x00000001d1106000 	/usr/lib/swift/libswiftCoreFoundation.dylib
0x00000001cf006000 	/usr/lib/swift/libswiftDarwin.dylib
0x00000001c2e20000 	/usr/lib/swift/libswiftDispatch.dylib
0x00000001d1127000 	/usr/lib/swift/libswiftIOKit.dylib
0x00000001c5227000 	/usr/lib/swift/libswiftObjectiveC.dylib
0x00000001d111a000 	/usr/lib/swift/libswiftXPC.dylib
0x0000000237c8f000 	/usr/lib/swift/libswift_Concurrency.dylib
0x0000000237de1000 	/usr/lib/swift/libswift_StringProcessing.dylib
0x00000001c522b000 	/usr/lib/swift/libswiftos.dylib
0x00000001b2d83000 	/System/Library/PrivateFrameworks/CoreServicesInternal.framework/Versions/A/CoreServicesInternal
0x00000001ba8f1000 	/usr/lib/libbsm.0.dylib
0x00000001bb1f0000 	/usr/lib/system/libkxld.dylib
0x00000001b799d000 	/System/Library/Frameworks/CoreServices.framework/Versions/A/Frameworks/FSEvents.framework/Versions/A/FSEvents
0x00000001b2a7b000 	/System/Library/Frameworks/CoreServices.framework/Versions/A/Frameworks/CarbonCore.framework/Versions/A/CarbonCore
0x00000001b6ef6000 	/System/Library/Frameworks/CoreServices.framework/Versions/A/Frameworks/Metadata.framework/Versions/A/Metadata
0x00000001baf01000 	/System/Library/Frameworks/CoreServices.framework/Versions/A/Frameworks/OSServices.framework/Versions/A/OSServices
0x00000001bb421000 	/System/Library/Frameworks/CoreServices.framework/Versions/A/Frameworks/SearchKit.framework/Versions/A/SearchKit
0x00000001b6025000 	/System/Library/Frameworks/CoreServices.framework/Versions/A/Frameworks/AE.framework/Versions/A/AE
0x00000001b0174000 	/System/Library/Frameworks/CoreServices.framework/Versions/A/Frameworks/LaunchServices.framework/Versions/A/LaunchServices
0x00000001bba98000 	/System/Library/Frameworks/CoreServices.framework/Versions/A/Frameworks/DictionaryServices.framework/Versions/A/DictionaryServices
0x00000001b79aa000 	/System/Library/Frameworks/CoreServices.framework/Versions/A/Frameworks/SharedFileList.framework/Versions/A/SharedFileList
0x00000001bb4c0000 	/usr/lib/libapple_nghttp2.dylib
0x00000001b448f000 	/usr/lib/libnetwork.dylib
0x00000001b5caa000 	/usr/lib/libsqlite3.dylib
0x00000001b60ab000 	/System/Library/Frameworks/Network.framework/Versions/A/Network
0x0000000236e15000 	/usr/lib/libCoreEntitlements.dylib
0x0000000223d22000 	/System/Library/PrivateFrameworks/MessageSecurity.framework/Versions/A/MessageSecurity
0x00000001b5c90000 	/System/Library/PrivateFrameworks/ProtocolBuffer.framework/Versions/A/ProtocolBuffer
0x00000001baedd000 	/System/Library/PrivateFrameworks/AppleFSCompression.framework/Versions/A/AppleFSCompression
0x00000001ba8d9000 	/usr/lib/libcoretls.dylib
0x00000001bbb08000 	/usr/lib/libcoretls_cfhelpers.dylib
0x00000001bb4ed000 	/usr/lib/libpam.2.dylib
0x00000001bbb6e000 	/usr/lib/libxar.1.dylib
0x00000001bbf39000 	/usr/lib/libheimdal-asn1.dylib
0x00000001bb260000 	/usr/lib/libpcap.A.dylib
0x00000001b6098000 	/usr/lib/libdns_services.dylib
0x00000001b9dfc000 	/System/Library/PrivateFrameworks/AppleSystemInfo.framework/Versions/A/AppleSystemInfo
0x00000001ba5ce000 	/System/Library/PrivateFrameworks/IOMobileFramebuffer.framework/Versions/A/IOMobileFramebuffer
0x00000001baeee000 	/usr/lib/libbz2.1.0.dylib
0x00000001ba8c9000 	/usr/lib/libCheckFix.dylib
0x00000001b48eb000 	/System/Library/PrivateFrameworks/TCC.framework/Versions/A/TCC
0x00000001b9e02000 	/System/Library/PrivateFrameworks/CoreNLP.framework/Versions/A/CoreNLP
0x00000001b6eb5000 	/System/Library/PrivateFrameworks/MetadataUtilities.framework/Versions/A/MetadataUtilities
0x00000001ba902000 	/usr/lib/libmecab.dylib
0x00000001b091b000 	/usr/lib/libCRFSuite.dylib
0x00000001ba95f000 	/usr/lib/libgermantok.dylib
0x00000001bb499000 	/usr/lib/libThaiTokenizer.dylib
0x00000001b6f98000 	/System/Library/Frameworks/Accelerate.framework/Versions/A/Frameworks/vImage.framework/Versions/A/vImage
0x00000001c18db000 	/System/Library/Frameworks/Accelerate.framework/Versions/A/Frameworks/vecLib.framework/Versions/A/vecLib
0x00000001bbbb4000 	/System/Library/Frameworks/Accelerate.framework/Versions/A/Frameworks/vecLib.framework/Versions/A/libvMisc.dylib
0x00000001ba4ce000 	/System/Library/Frameworks/Accelerate.framework/Versions/A/Frameworks/vecLib.framework/Versions/A/libvDSP.dylib
0x00000001b0527000 	/System/Library/Frameworks/Accelerate.framework/Versions/A/Frameworks/vecLib.framework/Versions/A/libBLAS.dylib
0x00000001bb5c4000 	/System/Library/Frameworks/Accelerate.framework/Versions/A/Frameworks/vecLib.framework/Versions/A/libLAPACK.dylib
0x00000001ba962000 	/System/Library/Frameworks/Accelerate.framework/Versions/A/Frameworks/vecLib.framework/Versions/A/libLinearAlgebra.dylib
0x00000001bb4d8000 	/System/Library/Frameworks/Accelerate.framework/Versions/A/Frameworks/vecLib.framework/Versions/A/libSparseBLAS.dylib
0x00000001bb5bf000 	/System/Library/Frameworks/Accelerate.framework/Versions/A/Frameworks/vecLib.framework/Versions/A/libQuadrature.dylib
0x00000001b9efb000 	/System/Library/Frameworks/Accelerate.framework/Versions/A/Frameworks/vecLib.framework/Versions/A/libBNNS.dylib
0x00000001b082a000 	/System/Library/Frameworks/Accelerate.framework/Versions/A/Frameworks/vecLib.framework/Versions/A/libSparse.dylib
0x000000022308e000 	/System/Library/PrivateFrameworks/MIL.framework/Versions/A/MIL
0x00000001bb295000 	/usr/lib/libiconv.2.dylib
0x00000001bb1e9000 	/usr/lib/libcharset.1.dylib
0x00000001b797d000 	/System/Library/Frameworks/OpenDirectory.framework/Versions/A/Frameworks/CFOpenDirectory.framework/Versions/A/CFOpenDirectory
0x00000001b796d000 	/System/Library/Frameworks/OpenDirectory.framework/Versions/A/OpenDirectory
0x00000001bbb0a000 	/System/Library/PrivateFrameworks/APFS.framework/Versions/A/APFS
0x00000001ba804000 	/System/Library/Frameworks/SecurityFoundation.framework/Versions/A/SecurityFoundation
0x00000001bbb7d000 	/usr/lib/libutil.dylib
0x0000000222186000 	/System/Library/PrivateFrameworks/InstalledContentLibrary.framework/Versions/A/InstalledContentLibrary
0x00000001b2dc1000 	/System/Library/PrivateFrameworks/CoreServicesStore.framework/Versions/A/CoreServicesStore
0x000000021925a000 	/System/Library/PrivateFrameworks/AppleMobileFileIntegrity.framework/Versions/A/AppleMobileFileIntegrity
0x00000001d10e5000 	/usr/lib/libmis.dylib
0x00000001deee8000 	/System/Library/PrivateFrameworks/MobileSystemServices.framework/Versions/A/MobileSystemServices
0x00000001f92c5000 	/System/Library/PrivateFrameworks/ConfigProfileHelper.framework/Versions/A/ConfigProfileHelper
0x00000001bb49b000 	/System/Library/PrivateFrameworks/AppleSauce.framework/Versions/A/AppleSauce
0x00000001b1600000 	/System/Library/PrivateFrameworks/LanguageModeling.framework/Versions/A/LanguageModeling
0x00000001bbb81000 	/usr/lib/libxslt.1.dylib
0x00000001bb388000 	/usr/lib/libcmph.dylib
0x00000001ba5bb000 	/System/Library/PrivateFrameworks/CoreEmoji.framework/Versions/A/CoreEmoji
0x00000001b9ef5000 	/System/Library/PrivateFrameworks/LinguisticData.framework/Versions/A/LinguisticData
0x00000001b07e2000 	/System/Library/PrivateFrameworks/Lexicon.framework/Versions/A/Lexicon
0x00000001ba897000 	/System/Library/PrivateFrameworks/BackgroundTaskManagement.framework/Versions/A/BackgroundTaskManagement
0x0000000236fb4000 	/usr/lib/libTLE.dylib
0x0000000237d2c000 	/usr/lib/swift/libswift_RegexParser.dylib
0x00000001bc7e8000 	/System/Library/PrivateFrameworks/AppleJPEG.framework/Versions/A/AppleJPEG
0x00000001bbf1e000 	/usr/lib/libexpat.1.dylib
0x00000001bcda9000 	/System/Library/Frameworks/ImageIO.framework/Versions/A/Resources/libPng.dylib
0x00000001bcdd4000 	/System/Library/Frameworks/ImageIO.framework/Versions/A/Resources/libTIFF.dylib
0x00000001bcebd000 	/System/Library/Frameworks/ImageIO.framework/Versions/A/Resources/libGIF.dylib
0x00000001bc82d000 	/System/Library/Frameworks/ImageIO.framework/Versions/A/Resources/libJP2.dylib
0x00000001bce61000 	/System/Library/Frameworks/ImageIO.framework/Versions/A/Resources/libJPEG.dylib
0x00000001bce58000 	/System/Library/Frameworks/ImageIO.framework/Versions/A/Resources/libRadiance.dylib
0x00000001b91e6000 	/System/Library/PrivateFrameworks/FontServices.framework/libFontParser.dylib
0x00000001b5fc7000 	/System/Library/PrivateFrameworks/RunningBoardServices.framework/Versions/A/RunningBoardServices
0x00000001c7749000 	/System/Library/PrivateFrameworks/IOSurfaceAccelerator.framework/Versions/A/IOSurfaceAccelerator
0x00000001bc91f000 	/System/Library/PrivateFrameworks/WatchdogClient.framework/Versions/A/WatchdogClient
0x00000001b1779000 	/System/Library/Frameworks/CoreDisplay.framework/Versions/A/CoreDisplay
0x00000001b90c1000 	/System/Library/Frameworks/CoreMedia.framework/Versions/A/CoreMedia
0x00000001b8ec1000 	/System/Library/PrivateFrameworks/IOAccelerator.framework/Versions/A/IOAccelerator
0x00000001b7b0e000 	/System/Library/Frameworks/CoreVideo.framework/Versions/A/CoreVideo
0x00000001bb4eb000 	/System/Library/Frameworks/MetalPerformanceShaders.framework/Versions/A/MetalPerformanceShaders
0x00000001bc95e000 	/System/Library/Frameworks/VideoToolbox.framework/Versions/A/VideoToolbox
0x00000001b5f0b000 	/System/Library/PrivateFrameworks/BaseBoard.framework/Versions/A/BaseBoard
0x00000001bce53000 	/System/Library/PrivateFrameworks/GPUWrangler.framework/Versions/A/GPUWrangler
0x00000001bce33000 	/System/Library/PrivateFrameworks/IOPresentment.framework/Versions/A/IOPresentment
0x00000001bce5b000 	/System/Library/PrivateFrameworks/DSExternalDisplay.framework/Versions/A/DSExternalDisplay
0x000000021e9e0000 	/System/Library/PrivateFrameworks/GPUCompiler.framework/Versions/31001/Libraries/libllvm-flatbuffers.dylib
0x00000001fdf78000 	/System/Library/Frameworks/OpenGL.framework/Versions/A/Libraries/libCoreFSCache.dylib
0x000000021e9dc000 	/System/Library/PrivateFrameworks/GPUCompiler.framework/Versions/31001/Libraries/libGPUCompilerUtils.dylib
0x00000001bcec3000 	/System/Library/PrivateFrameworks/CMCaptureCore.framework/Versions/A/CMCaptureCore
0x000000021350d000 	/System/Library/Frameworks/ExtensionFoundation.framework/Versions/A/ExtensionFoundation
0x00000001c35c5000 	/System/Library/PrivateFrameworks/CoreTime.framework/Versions/A/CoreTime
0x00000001bc4db000 	/System/Library/PrivateFrameworks/AppServerSupport.framework/Versions/A/AppServerSupport
0x00000001be85c000 	/System/Library/PrivateFrameworks/perfdata.framework/Versions/A/perfdata
0x00000001b1899000 	/System/Library/PrivateFrameworks/AudioToolboxCore.framework/Versions/A/AudioToolboxCore
0x00000001b9097000 	/System/Library/PrivateFrameworks/caulk.framework/Versions/A/caulk
0x00000001be119000 	/usr/lib/libAudioStatistics.dylib
0x00000001d0521000 	/System/Library/PrivateFrameworks/SystemPolicy.framework/Versions/A/SystemPolicy
0x00000001be3bb000 	/usr/lib/libSMC.dylib
0x00000001c6ef5000 	/System/Library/Frameworks/CoreMIDI.framework/Versions/A/CoreMIDI
0x00000001bcd76000 	/usr/lib/libAudioToolboxUtility.dylib
0x00000001cc2d9000 	/System/Library/PrivateFrameworks/OSAServicesClient.framework/Versions/A/OSAServicesClient
0x00000001be869000 	/usr/lib/libperfcheck.dylib
0x00000001bbe09000 	/System/Library/PrivateFrameworks/PlugInKit.framework/Versions/A/PlugInKit
0x00000001ba7f6000 	/System/Library/PrivateFrameworks/AssertionServices.framework/Versions/A/AssertionServices
0x00000001fdfda000 	/System/Library/Frameworks/OpenGL.framework/Versions/A/Libraries/libGLU.dylib
0x00000001fdf99000 	/System/Library/Frameworks/OpenGL.framework/Versions/A/Libraries/libGFXShared.dylib
0x00000001fe180000 	/System/Library/Frameworks/OpenGL.framework/Versions/A/Libraries/libGL.dylib
0x00000001fdfa2000 	/System/Library/Frameworks/OpenGL.framework/Versions/A/Libraries/libGLImage.dylib
0x00000001fdf96000 	/System/Library/Frameworks/OpenGL.framework/Versions/A/Libraries/libCVMSPluginSupport.dylib
0x0000000236f93000 	/usr/lib/libRosetta.dylib
0x00000001fdf7f000 	/System/Library/Frameworks/OpenGL.framework/Versions/A/Libraries/libCoreVMClient.dylib
0x00000001b9d79000 	/System/Library/Frameworks/MetalPerformanceShaders.framework/Versions/A/Frameworks/MPSCore.framework/Versions/A/MPSCore
0x00000001bae53000 	/System/Library/Frameworks/MetalPerformanceShaders.framework/Versions/A/Frameworks/MPSImage.framework/Versions/A/MPSImage
0x00000001ba977000 	/System/Library/Frameworks/MetalPerformanceShaders.framework/Versions/A/Frameworks/MPSNeuralNetwork.framework/Versions/A/MPSNeuralNetwork
0x00000001bad63000 	/System/Library/Frameworks/MetalPerformanceShaders.framework/Versions/A/Frameworks/MPSMatrix.framework/Versions/A/MPSMatrix
0x00000001bab75000 	/System/Library/Frameworks/MetalPerformanceShaders.framework/Versions/A/Frameworks/MPSRayIntersector.framework/Versions/A/MPSRayIntersector
0x00000001bad91000 	/System/Library/Frameworks/MetalPerformanceShaders.framework/Versions/A/Frameworks/MPSNDArray.framework/Versions/A/MPSNDArray
0x00000002148c6000 	/System/Library/Frameworks/MetalPerformanceShaders.framework/Versions/A/Frameworks/MPSFunctions.framework/Versions/A/MPSFunctions
0x00000001b03ed000 	/System/Library/PrivateFrameworks/MetalTools.framework/Versions/A/MetalTools
0x00000001b9dfa000 	/System/Library/PrivateFrameworks/AggregateDictionary.framework/Versions/A/AggregateDictionary
0x00000001bbcc2000 	/usr/lib/libIOReport.dylib
0x00000001c60eb000 	/System/Library/PrivateFrameworks/ASEProcessing.framework/Versions/A/ASEProcessing
0x00000001bc079000 	/System/Library/PrivateFrameworks/GraphVisualizer.framework/Versions/A/GraphVisualizer
0x000000021e8ed000 	/System/Library/PrivateFrameworks/FontServices.framework/Versions/A/FontServices
0x00000001bc499000 	/System/Library/PrivateFrameworks/OTSVG.framework/Versions/A/OTSVG
0x00000001b76c1000 	/System/Library/Frameworks/ApplicationServices.framework/Versions/A/Frameworks/ATS.framework/Versions/A/Resources/libFontRegistry.dylib
0x00000001bc4e5000 	/System/Library/PrivateFrameworks/FontServices.framework/libhvf.dylib
0x000000021e8ee000 	/System/Library/PrivateFrameworks/FontServices.framework/libXTFontStaticRegistryData.dylib
0x0000000230312000 	/System/Library/PrivateFrameworks/VideoToolboxParavirtualizationSupport.framework/Versions/A/VideoToolboxParavirtualizationSupport
0x00000001bbed2000 	/System/Library/PrivateFrameworks/AppleVA.framework/Versions/A/AppleVA
0x00000001be159000 	/System/Library/Frameworks/ApplicationServices.framework/Versions/A/Frameworks/ATS.framework/Versions/A/ATS
0x00000001b545d000 	/System/Library/Frameworks/ApplicationServices.framework/Versions/A/Frameworks/HIServices.framework/Versions/A/HIServices
0x00000001bcecf000 	/System/Library/Frameworks/ApplicationServices.framework/Versions/A/Frameworks/PrintCore.framework/Versions/A/PrintCore
0x00000001be514000 	/System/Library/Frameworks/ApplicationServices.framework/Versions/A/Frameworks/QD.framework/Versions/A/QD
0x00000001be508000 	/System/Library/Frameworks/ApplicationServices.framework/Versions/A/Frameworks/ColorSyncLegacy.framework/Versions/A/ColorSyncLegacy
0x00000001be12d000 	/System/Library/Frameworks/ApplicationServices.framework/Versions/A/Frameworks/SpeechSynthesis.framework/Versions/A/SpeechSynthesis
0x00000001bce8d000 	/System/Library/Frameworks/ApplicationServices.framework/Versions/A/Frameworks/ATSUI.framework/Versions/A/ATSUI
0x00000001be49b000 	/usr/lib/libcups.2.dylib
0x00000001be877000 	/System/Library/Frameworks/Kerberos.framework/Versions/A/Kerberos
0x00000001be888000 	/System/Library/Frameworks/GSS.framework/Versions/A/GSS
0x00000001be1cb000 	/usr/lib/libresolv.9.dylib
0x00000001bc4f5000 	/System/Library/PrivateFrameworks/Heimdal.framework/Versions/A/Heimdal
0x00000001c51aa000 	/System/Library/Frameworks/Kerberos.framework/Versions/A/Libraries/libHeimdalProxy.dylib
0x00000001be8d8000 	/System/Library/PrivateFrameworks/CommonAuth.framework/Versions/A/CommonAuth
0x00000001ff1d8000 	/System/Library/Frameworks/AVFAudio.framework/Versions/A/AVFAudio
0x00000001cc328000 	/System/Library/PrivateFrameworks/AXCoreUtilities.framework/Versions/A/AXCoreUtilities
0x00000001be0a5000 	/System/Library/PrivateFrameworks/AudioSession.framework/Versions/A/AudioSession
0x00000001bf627000 	/System/Library/Frameworks/IOBluetooth.framework/Versions/A/IOBluetooth
0x00000001bbfd3000 	/System/Library/PrivateFrameworks/MediaExperience.framework/Versions/A/MediaExperience
0x00000001bdf40000 	/System/Library/PrivateFrameworks/AudioSession.framework/libSessionUtility.dylib
0x00000001be520000 	/System/Library/PrivateFrameworks/AudioResourceArbitration.framework/Versions/A/AudioResourceArbitration
0x00000001c24fa000 	/System/Library/PrivateFrameworks/PowerLog.framework/Versions/A/PowerLog
0x00000001c243d000 	/System/Library/Frameworks/CoreBluetooth.framework/Versions/A/CoreBluetooth
0x00000001c51ab000 	/System/Library/Frameworks/AudioUnit.framework/Versions/A/AudioUnit
0x00000001ba659000 	/System/Library/PrivateFrameworks/CoreUtils.framework/Versions/A/CoreUtils
0x000000021d322000 	/System/Library/PrivateFrameworks/CoreUtilsExtras.framework/Versions/A/CoreUtilsExtras
0x0000000222024000 	/System/Library/PrivateFrameworks/IO80211.framework/Versions/A/IO80211
0x00000001bbf43000 	/System/Library/PrivateFrameworks/IconFoundation.framework/Versions/A/IconFoundation
0x00000001c150d000 	/System/Library/PrivateFrameworks/SpeechRecognitionCore.framework/Versions/A/SpeechRecognitionCore
0x00000001035d4000 	/Library/Java/JavaVirtualMachines/jdk-19.jdk/Contents/Home/lib/server/libjvm.dylib
0x0000000102528000 	/Library/Java/JavaVirtualMachines/jdk-19.jdk/Contents/Home/lib/libjimage.dylib
0x00000001025dc000 	/Library/Java/JavaVirtualMachines/jdk-19.jdk/Contents/Home/lib/libinstrument.dylib
0x0000000102628000 	/Library/Java/JavaVirtualMachines/jdk-19.jdk/Contents/Home/lib/libjava.dylib
0x00000001034dc000 	/Library/Java/JavaVirtualMachines/jdk-19.jdk/Contents/Home/lib/libnio.dylib
0x00000001034fc000 	/Library/Java/JavaVirtualMachines/jdk-19.jdk/Contents/Home/lib/libnet.dylib
0x000000010351c000 	/Library/Java/JavaVirtualMachines/jdk-19.jdk/Contents/Home/lib/libzip.dylib
0x0000000102608000 	/Library/Java/JavaVirtualMachines/jdk-19.jdk/Contents/Home/lib/libextnet.dylib
0x000000010355c000 	/Library/Java/javafx-sdk-19/lib/libprism_es2.dylib
0x00000001fe18a000 	/System/Library/Frameworks/OpenGL.framework/Versions/A/Resources/GLEngine.bundle/GLEngine
0x00000001fe014000 	/System/Library/Frameworks/OpenGL.framework/Versions/A/Libraries/libGLProgrammability.dylib
0x0000000139140000 	/System/Library/Extensions/AppleMetalOpenGLRenderer.bundle/Contents/MacOS/AppleMetalOpenGLRenderer
0x00000001fe2f8000 	/System/Library/Frameworks/OpenGL.framework/Versions/A/Resources/GLRendererFloat.bundle/GLRendererFloat
0x00000001fe3f5000 	/System/Library/Extensions/AGXMetal13_3.bundle/Contents/MacOS/AGXMetal13_3
0x00000001d10f9000 	/System/Library/PrivateFrameworks/GPURawCounter.framework/Versions/A/GPURawCounter
0x00000001cb3eb000 	/System/Library/PrivateFrameworks/IOGPU.framework/Versions/A/IOGPU
0x0000000139058000 	/Library/Java/javafx-sdk-19/lib/libglass.dylib
0x00000001c274a000 	/System/Library/Frameworks/FileProvider.framework/Versions/A/FileProvider
0x00000001b5e73000 	/System/Library/Frameworks/Accounts.framework/Versions/A/Accounts
0x00000001b7bac000 	/System/Library/PrivateFrameworks/UserManagement.framework/Versions/A/UserManagement
0x00000001c28d1000 	/System/Library/PrivateFrameworks/GenerationalStorage.framework/Versions/A/GenerationalStorage
0x00000001c34eb000 	/System/Library/PrivateFrameworks/CoreSymbolication.framework/Versions/A/CoreSymbolication
0x00000001c24ee000 	/System/Library/PrivateFrameworks/SymptomDiagnosticReporter.framework/Versions/A/SymptomDiagnosticReporter
0x00000001b3ffe000 	/System/Library/PrivateFrameworks/DesktopServicesPriv.framework/Versions/A/DesktopServicesPriv
0x00000001b2eea000 	/usr/lib/libsandbox.1.dylib
0x00000001c34ac000 	/System/Library/PrivateFrameworks/DebugSymbols.framework/Versions/A/DebugSymbols
0x00000001be4fb000 	/System/Library/PrivateFrameworks/NetAuth.framework/Versions/A/NetAuth
0x00000001bf49f000 	/System/Library/PrivateFrameworks/Sharing.framework/Versions/A/Sharing
0x00000001b7b70000 	/System/Library/PrivateFrameworks/login.framework/Versions/A/Frameworks/loginsupport.framework/Versions/A/loginsupport
0x00000001c46e8000 	/System/Library/PrivateFrameworks/Apple80211.framework/Versions/A/Apple80211
0x00000001baf34000 	/System/Library/PrivateFrameworks/AuthKit.framework/Versions/A/AuthKit
0x00000001ba5db000 	/System/Library/Frameworks/CoreWLAN.framework/Versions/A/CoreWLAN
0x00000001c46ec000 	/System/Library/PrivateFrameworks/CoreWiFi.framework/Versions/A/CoreWiFi
0x00000001f2c8e000 	/System/Library/PrivateFrameworks/WiFiPeerToPeer.framework/Versions/A/WiFiPeerToPeer
0x00000001c3066000 	/System/Library/PrivateFrameworks/FrontBoardServices.framework/Versions/A/FrontBoardServices
0x00000001c3101000 	/System/Library/PrivateFrameworks/BoardServices.framework/Versions/A/BoardServices
0x00000001c4846000 	/System/Library/PrivateFrameworks/BackBoardServices.framework/Versions/A/BackBoardServices
0x00000001bb087000 	/System/Library/Frameworks/UserNotifications.framework/Versions/A/UserNotifications
0x00000001be9d1000 	/System/Library/PrivateFrameworks/CorePhoneNumbers.framework/Versions/A/CorePhoneNumbers
0x00000001be1f8000 	/System/Library/PrivateFrameworks/MultiverseSupport.framework/Versions/A/MultiverseSupport
0x00000001c4acf000 	/System/Library/PrivateFrameworks/RemoteServiceDiscovery.framework/Versions/A/RemoteServiceDiscovery
0x00000001c261a000 	/System/Library/PrivateFrameworks/DiskManagement.framework/Versions/A/DiskManagement
0x00000001c2521000 	/System/Library/PrivateFrameworks/AppleIDAuthSupport.framework/Versions/A/AppleIDAuthSupport
0x00000002175d4000 	/System/Library/PrivateFrameworks/AAAFoundation.framework/Versions/A/AAAFoundation
0x00000001be9a9000 	/System/Library/PrivateFrameworks/KeychainCircle.framework/Versions/A/KeychainCircle
0x00000001c4ae3000 	/System/Library/PrivateFrameworks/RemoteXPC.framework/Versions/A/RemoteXPC
0x00000001c25e6000 	/System/Library/PrivateFrameworks/MediaKit.framework/Versions/A/MediaKit
0x00000001c252e000 	/System/Library/Frameworks/DiscRecording.framework/Versions/A/DiscRecording
0x00000001bbe4e000 	/usr/lib/libCoreStorage.dylib
0x00000001c4b4b000 	/usr/lib/libcsfde.dylib
0x00000001bf6fc000 	/System/Library/PrivateFrameworks/ProtectedCloudStorage.framework/Versions/A/ProtectedCloudStorage
0x00000001c4b43000 	/System/Library/PrivateFrameworks/EFILogin.framework/Versions/A/EFILogin
0x00000001c28f7000 	/System/Library/PrivateFrameworks/OctagonTrust.framework/Versions/A/OctagonTrust
0x00000001bbe46000 	/usr/lib/libMatch.1.dylib
0x00000001d5970000 	/System/Library/Frameworks/Accelerate.framework/Versions/A/Frameworks/vImage.framework/Versions/A/Libraries/libCGInterfaces.dylib
0x000000013af30000 	/usr/lib/libobjc-trampolines.dylib
0x0000000236ceb000 	/usr/lib/libAccessibilityBaseImplementations.dylib
0x00000001b7859000 	/System/Library/PrivateFrameworks/ViewBridge.framework/Versions/A/ViewBridge
0x000000013e038000 	/Library/Java/javafx-sdk-19/lib/libjavafx_font.dylib
0x00000001bc5b8000 	/System/Library/PrivateFrameworks/login.framework/Versions/A/login


VM Arguments:
jvm_args: --module-path=/Library/Java/javafx-sdk-19/lib --add-modules=javafx.controls -Djava.library.path=/Library/Java/javafx-sdk-19/lib -javaagent:/Applications/IntelliJ IDEA.app/Contents/lib/idea_rt.jar=50023:/Applications/IntelliJ IDEA.app/Contents/bin -Dfile.encoding=UTF-8 -Dsun.stdout.encoding=UTF-8 -Dsun.stderr.encoding=UTF-8 
java_command: Main
java_class_path (initial): /Users/naythukhant/Code/uop/CS-1102/week6/out/production/week6:/Library/Java/javafx-sdk-19/lib/javafx-swt.jar:/Library/Java/javafx-sdk-19/lib/javafx.web.jar:/Library/Java/javafx-sdk-19/lib/javafx.base.jar:/Library/Java/javafx-sdk-19/lib/javafx.fxml.jar:/Library/Java/javafx-sdk-19/lib/javafx.media.jar:/Library/Java/javafx-sdk-19/lib/javafx.swing.jar:/Library/Java/javafx-sdk-19/lib/javafx.controls.jar:/Library/Java/javafx-sdk-19/lib/javafx.graphics.jar
Launcher Type: SUN_STANDARD

[Global flags]
     intx CICompilerCount                          = 4                                         {product} {ergonomic}
     uint ConcGCThreads                            = 2                                         {product} {ergonomic}
     uint G1ConcRefinementThreads                  = 8                                         {product} {ergonomic}
   size_t G1HeapRegionSize                         = 1048576                                   {product} {ergonomic}
    uintx GCDrainStackTargetSize                   = 64                                        {product} {ergonomic}
   size_t InitialHeapSize                          = 134217728                                 {product} {ergonomic}
   size_t MarkStackSize                            = 4194304                                   {product} {ergonomic}
   size_t MaxHeapSize                              = 2147483648                                {product} {ergonomic}
   size_t MaxNewSize                               = 1287651328                                {product} {ergonomic}
   size_t MinHeapDeltaBytes                        = 1048576                                   {product} {ergonomic}
   size_t MinHeapSize                              = 8388608                                   {product} {ergonomic}
    uintx NonNMethodCodeHeapSize                   = 5839564                                {pd product} {ergonomic}
    uintx NonProfiledCodeHeapSize                  = 122909338                              {pd product} {ergonomic}
    uintx ProfiledCodeHeapSize                     = 122909338                              {pd product} {ergonomic}
    uintx ReservedCodeCacheSize                    = 251658240                              {pd product} {ergonomic}
     bool SegmentedCodeCache                       = true                                      {product} {ergonomic}
   size_t SoftMaxHeapSize                          = 2147483648                             {manageable} {ergonomic}
     bool UseCompressedClassPointers               = true                           {product lp64_product} {ergonomic}
     bool UseCompressedOops                        = true                           {product lp64_product} {ergonomic}
     bool UseG1GC                                  = true                                      {product} {ergonomic}
     bool UseNUMA                                  = false                                     {product} {ergonomic}
     bool UseNUMAInterleaving                      = false                                     {product} {ergonomic}

Logging:
Log output configuration:
 #0: stdout all=warning uptime,level,tags foldmultilines=false
 #1: stderr all=off uptime,level,tags foldmultilines=false

Environment Variables:
PATH=/Users/naythukhant/.nvm/versions/node/v14.18.3/bin:/Users/naythukhant/.composer/vendor/bin:/Users/naythukhant/flutter/bin:./vendor/bin:/opt/homebrew/bin:/opt/homebrew/sbin:/usr/local/bin:/System/Cryptexes/App/usr/bin:/usr/bin:/bin:/usr/sbin:/sbin:/Library/Apple/usr/bin
SHELL=/bin/zsh
LC_CTYPE=en_US.UTF-8
TMPDIR=/var/folders/rc/6785ydk55fb_5jtk5yxt90qw0000gn/T/

Active Locale:
LC_ALL=C/en_US.UTF-8/C/C/C/C
LC_COLLATE=C
LC_CTYPE=en_US.UTF-8
LC_MESSAGES=C
LC_MONETARY=C
LC_NUMERIC=C
LC_TIME=C

Signal Handlers:
   SIGSEGV: crash_handler in libjvm.dylib, mask=11100110000111110111111111111111, flags=SA_RESTART|SA_SIGINFO
    SIGBUS: crash_handler in libjvm.dylib, mask=11100110000111110111111111111111, flags=SA_RESTART|SA_SIGINFO
    SIGFPE: crash_handler in libjvm.dylib, mask=11100110000111110111111111111111, flags=SA_RESTART|SA_SIGINFO
   SIGPIPE: javaSignalHandler in libjvm.dylib, mask=11100110000111110111111111111111, flags=SA_RESTART|SA_SIGINFO
   SIGXFSZ: javaSignalHandler in libjvm.dylib, mask=11100110000111110111111111111111, flags=SA_RESTART|SA_SIGINFO
    SIGILL: crash_handler in libjvm.dylib, mask=11100110000111110111111111111111, flags=SA_RESTART|SA_SIGINFO
   SIGUSR2: SR_handler in libjvm.dylib, mask=00100000000000000000000000000000, flags=SA_RESTART|SA_SIGINFO
    SIGHUP: UserHandler in libjvm.dylib, mask=11100110000111110111111111111111, flags=SA_RESTART|SA_SIGINFO
    SIGINT: UserHandler in libjvm.dylib, mask=11100110000111110111111111111111, flags=SA_RESTART|SA_SIGINFO
   SIGTERM: UserHandler in libjvm.dylib, mask=11100110000111110111111111111111, flags=SA_RESTART|SA_SIGINFO
   SIGQUIT: UserHandler in libjvm.dylib, mask=11100110000111110111111111111111, flags=SA_RESTART|SA_SIGINFO
   SIGTRAP: crash_handler in libjvm.dylib, mask=11100110000111110111111111111111, flags=SA_RESTART|SA_SIGINFO


---------------  S Y S T E M  ---------------

OS:
uname: Darwin 22.1.0 Darwin Kernel Version 22.1.0: Sun Oct  9 20:14:30 PDT 2022; root:xnu-8792.41.9~2/RELEASE_ARM64_T8103 arm64
OS uptime: 12 days 11:00 hours
rlimit (soft/hard): STACK 8176k/65520k , CORE 0k/infinity , NPROC 1333/2000 , NOFILE 10240/infinity , AS infinity/infinity , CPU infinity/infinity , DATA infinity/infinity , FSIZE infinity/infinity , MEMLOCK infinity/infinity , RSS infinity/infinity
load average: 3.50 3.14 2.99

CPU: total 8 (initial active 8) 0x61:0x0:0x1b588bb3:0, fp, simd, aes, pmull, crc32, lse

Memory: 16k page, physical 8388608k(103968k free), swap 3145728k(772736k free)

vm_info: Java HotSpot(TM) 64-Bit Server VM (19.0.1+10-21) for bsd-aarch64 JRE (19.0.1+10-21), built on 2022-09-14T12:45:06Z by "mach5one" with clang Apple LLVM 12.0.0 (clang-1200.0.32.29)

END.
